Traceback (most recent call last):
  File "/app/src/main.py", line 22, in <module>
    from serve_sdk import ServeClient
ModuleNotFoundError: No module named 'serve_sdk'
Traceback (most recent call last):
  File "/app/src/main.py", line 22, in <module>
    from serve_sdk import ServeClient
ModuleNotFoundError: No module named 'serve_sdk'
Traceback (most recent call last):
  File "/app/src/main.py", line 22, in <module>
    from serve_sdk import ServeClient
ModuleNotFoundError: No module named 'serve_sdk'
Traceback (most recent call last):
  File "/app/src/main.py", line 22, in <module>
    from serve_sdk import ServeClient
ModuleNotFoundError: No module named 'serve_sdk'
Traceback (most recent call last):
  File "/app/src/main.py", line 16, in <module>
    from fastapi import FastAPI, HTTPException, Request
ModuleNotFoundError: No module named 'fastapi'
Traceback (most recent call last):
  File "/app/src/main.py", line 16, in <module>
    from fastapi import FastAPI, HTTPException, Request
ModuleNotFoundError: No module named 'fastapi'
Traceback (most recent call last):
  File "/app/src/main.py", line 16, in <module>
    from fastapi import FastAPI, HTTPException, Request
ModuleNotFoundError: No module named 'fastapi'
Traceback (most recent call last):
  File "/app/src/main.py", line 16, in <module>
    from fastapi import FastAPI, HTTPException, Request
ModuleNotFoundError: No module named 'fastapi'
