2025-12-24 09:26:59,539 CRIT Supervisor is running as root.  Privileges were not dropped because no user is specified in the config file.  If you intend to run as root, you can set user=root in the config file to avoid this message.
2025-12-24 09:26:59,541 INFO supervisord started with pid 1
2025-12-24 09:27:00,547 INFO spawned: 'suricata' with pid 6
2025-12-24 09:27:00,550 INFO spawned: 'nginx' with pid 7
2025-12-24 09:27:00,558 INFO spawned: 'fastapi' with pid 8
2025-12-24 09:27:00,562 INFO spawned: 'streamlit' with pid 10
2025-12-24 09:27:00,563 WARN exited: suricata (exit status 1; not expected)
2025-12-24 09:27:00,918 WARN exited: fastapi (exit status 1; not expected)
2025-12-24 09:27:02,001 INFO spawned: 'suricata' with pid 12
2025-12-24 09:27:02,003 INFO success: nginx entered RUNNING state, process has stayed up for > than 1 seconds (startsecs)
2025-12-24 09:27:02,012 INFO spawned: 'fastapi' with pid 13
2025-12-24 09:27:02,013 INFO success: streamlit entered RUNNING state, process has stayed up for > than 1 seconds (startsecs)
2025-12-24 09:27:02,017 WARN exited: suricata (exit status 1; not expected)
2025-12-24 09:27:02,324 WARN exited: fastapi (exit status 1; not expected)
2025-12-24 09:27:04,329 INFO spawned: 'suricata' with pid 14
2025-12-24 09:27:04,336 INFO spawned: 'fastapi' with pid 15
2025-12-24 09:27:04,342 WARN exited: suricata (exit status 1; not expected)
2025-12-24 09:27:04,664 WARN exited: fastapi (exit status 1; not expected)
2025-12-24 09:27:07,674 INFO spawned: 'suricata' with pid 23
2025-12-24 09:27:07,676 INFO spawned: 'fastapi' with pid 24
2025-12-24 09:27:07,682 WARN exited: suricata (exit status 1; not expected)
2025-12-24 09:27:07,685 INFO gave up: suricata entered FATAL state, too many start retries too quickly
2025-12-24 09:27:07,989 WARN exited: fastapi (exit status 1; not expected)
2025-12-24 09:27:08,992 INFO gave up: fastapi entered FATAL state, too many start retries too quickly
2025-12-25 07:42:38,920 CRIT Supervisor is running as root.  Privileges were not dropped because no user is specified in the config file.  If you intend to run as root, you can set user=root in the config file to avoid this message.
2025-12-25 07:42:38,923 INFO supervisord started with pid 1
2025-12-25 07:42:39,938 INFO spawned: 'suricata' with pid 7
2025-12-25 07:42:39,948 INFO spawned: 'nginx' with pid 8
2025-12-25 07:42:39,957 INFO spawned: 'fastapi' with pid 9
2025-12-25 07:42:39,969 INFO spawned: 'streamlit' with pid 11
2025-12-25 07:42:39,983 WARN exited: suricata (exit status 1; not expected)
2025-12-25 07:42:40,007 WARN exited: fastapi (exit status 1; not expected)
2025-12-25 07:42:41,317 INFO spawned: 'suricata' with pid 13
2025-12-25 07:42:41,318 INFO success: nginx entered RUNNING state, process has stayed up for > than 1 seconds (startsecs)
2025-12-25 07:42:41,329 INFO spawned: 'fastapi' with pid 14
2025-12-25 07:42:41,330 INFO success: streamlit entered RUNNING state, process has stayed up for > than 1 seconds (startsecs)
2025-12-25 07:42:41,336 WARN exited: suricata (exit status 1; not expected)
2025-12-25 07:42:41,381 WARN exited: fastapi (exit status 1; not expected)
2025-12-25 07:42:43,400 INFO spawned: 'suricata' with pid 15
2025-12-25 07:42:43,410 INFO spawned: 'fastapi' with pid 16
2025-12-25 07:42:43,418 WARN exited: suricata (exit status 1; not expected)
2025-12-25 07:42:43,462 WARN exited: fastapi (exit status 1; not expected)
2025-12-25 07:42:46,482 INFO spawned: 'suricata' with pid 24
2025-12-25 07:42:46,492 INFO spawned: 'fastapi' with pid 25
2025-12-25 07:42:46,497 WARN exited: suricata (exit status 1; not expected)
2025-12-25 07:42:46,501 INFO gave up: suricata entered FATAL state, too many start retries too quickly
2025-12-25 07:42:46,538 WARN exited: fastapi (exit status 1; not expected)
2025-12-25 07:42:47,544 INFO gave up: fastapi entered FATAL state, too many start retries too quickly
2025-12-25 08:22:19,716 WARN received SIGTERM indicating exit request
2025-12-25 08:22:19,722 INFO waiting for nginx, streamlit to die
2025-12-25 08:22:20,024 INFO stopped: streamlit (exit status 0)
2025-12-25 08:22:20,039 INFO stopped: nginx (exit status 0)
2025-12-25 08:23:05,463 CRIT Supervisor is running as root.  Privileges were not dropped because no user is specified in the config file.  If you intend to run as root, you can set user=root in the config file to avoid this message.
2025-12-25 08:23:05,465 INFO supervisord started with pid 1
2025-12-25 08:23:06,469 INFO spawned: 'suricata' with pid 7
2025-12-25 08:23:06,472 INFO spawned: 'nginx' with pid 8
2025-12-25 08:23:06,484 INFO spawned: 'fastapi' with pid 9
2025-12-25 08:23:06,489 INFO spawned: 'streamlit' with pid 10
2025-12-25 08:23:06,537 WARN exited: suricata (exit status 1; not expected)
2025-12-25 08:23:06,550 WARN exited: fastapi (exit status 1; not expected)
2025-12-25 08:23:08,060 INFO spawned: 'suricata' with pid 13
2025-12-25 08:23:08,061 INFO success: nginx entered RUNNING state, process has stayed up for > than 1 seconds (startsecs)
2025-12-25 08:23:08,063 INFO spawned: 'fastapi' with pid 14
2025-12-25 08:23:08,063 INFO success: streamlit entered RUNNING state, process has stayed up for > than 1 seconds (startsecs)
2025-12-25 08:23:08,068 WARN exited: suricata (exit status 1; not expected)
2025-12-25 08:23:08,095 WARN exited: fastapi (exit status 1; not expected)
2025-12-25 08:23:10,100 INFO spawned: 'suricata' with pid 15
2025-12-25 08:23:10,103 INFO spawned: 'fastapi' with pid 16
2025-12-25 08:23:10,110 WARN exited: suricata (exit status 1; not expected)
2025-12-25 08:23:10,138 WARN exited: fastapi (exit status 1; not expected)
2025-12-25 08:23:13,144 INFO spawned: 'suricata' with pid 24
2025-12-25 08:23:13,147 INFO spawned: 'fastapi' with pid 25
2025-12-25 08:23:13,151 WARN exited: suricata (exit status 1; not expected)
2025-12-25 08:23:13,153 INFO gave up: suricata entered FATAL state, too many start retries too quickly
2025-12-25 08:23:13,183 WARN exited: fastapi (exit status 1; not expected)
2025-12-25 08:23:14,185 INFO gave up: fastapi entered FATAL state, too many start retries too quickly
2025-12-25 08:25:18,329 WARN received SIGTERM indicating exit request
2025-12-25 08:25:18,330 INFO waiting for nginx, streamlit to die
2025-12-25 08:25:18,415 INFO stopped: streamlit (exit status 0)
2025-12-25 08:25:19,431 INFO stopped: nginx (exit status 0)
2025-12-25 08:25:20,997 CRIT Supervisor is running as root.  Privileges were not dropped because no user is specified in the config file.  If you intend to run as root, you can set user=root in the config file to avoid this message.
2025-12-25 08:25:21,000 INFO supervisord started with pid 1
2025-12-25 08:25:22,013 INFO spawned: 'suricata' with pid 7
2025-12-25 08:25:22,026 INFO spawned: 'nginx' with pid 8
2025-12-25 08:25:22,035 INFO spawned: 'fastapi' with pid 9
2025-12-25 08:25:22,044 INFO spawned: 'streamlit' with pid 11
2025-12-25 08:25:22,047 WARN exited: suricata (exit status 1; not expected)
2025-12-25 08:25:23,882 INFO spawned: 'suricata' with pid 20
2025-12-25 08:25:23,884 INFO success: nginx entered RUNNING state, process has stayed up for > than 1 seconds (startsecs)
2025-12-25 08:25:23,885 INFO success: fastapi entered RUNNING state, process has stayed up for > than 1 seconds (startsecs)
2025-12-25 08:25:23,886 INFO success: streamlit entered RUNNING state, process has stayed up for > than 1 seconds (startsecs)
2025-12-25 08:25:23,901 WARN exited: suricata (exit status 1; not expected)
2025-12-25 08:25:25,909 INFO spawned: 'suricata' with pid 29
2025-12-25 08:25:25,916 WARN exited: suricata (exit status 1; not expected)
2025-12-25 08:25:28,929 INFO spawned: 'suricata' with pid 30
2025-12-25 08:25:28,954 WARN exited: suricata (exit status 1; not expected)
2025-12-25 08:25:28,959 INFO gave up: suricata entered FATAL state, too many start retries too quickly
2025-12-25 08:30:32,698 INFO reaped unknown pid 223 (exit status 0)
2025-12-25 09:13:39,195 WARN received SIGTERM indicating exit request
2025-12-25 09:13:39,205 INFO waiting for nginx, fastapi, streamlit to die
2025-12-25 09:13:39,548 INFO stopped: streamlit (exit status 0)
2025-12-25 09:13:40,742 WARN stopped: fastapi (terminated by SIGTERM)
2025-12-25 09:13:40,775 INFO stopped: nginx (exit status 0)
2025-12-25 09:14:00,538 CRIT Supervisor is running as root.  Privileges were not dropped because no user is specified in the config file.  If you intend to run as root, you can set user=root in the config file to avoid this message.
2025-12-25 09:14:00,541 INFO supervisord started with pid 1
2025-12-25 09:14:01,553 INFO spawned: 'suricata' with pid 7
2025-12-25 09:14:01,569 INFO spawned: 'nginx' with pid 8
2025-12-25 09:14:01,585 INFO spawned: 'fastapi' with pid 9
2025-12-25 09:14:01,598 INFO spawned: 'streamlit' with pid 10
2025-12-25 09:14:02,796 INFO success: suricata entered RUNNING state, process has stayed up for > than 1 seconds (startsecs)
2025-12-25 09:14:02,796 INFO success: nginx entered RUNNING state, process has stayed up for > than 1 seconds (startsecs)
2025-12-25 09:14:02,797 INFO success: fastapi entered RUNNING state, process has stayed up for > than 1 seconds (startsecs)
2025-12-25 09:14:02,797 INFO success: streamlit entered RUNNING state, process has stayed up for > than 1 seconds (startsecs)
2025-12-25 09:22:33,006 WARN received SIGTERM indicating exit request
2025-12-25 09:22:33,008 INFO waiting for suricata, nginx, fastapi, streamlit to die
2025-12-25 09:22:33,110 INFO stopped: streamlit (exit status 0)
2025-12-25 09:22:34,241 WARN stopped: fastapi (terminated by SIGTERM)
2025-12-25 09:22:34,264 INFO stopped: nginx (exit status 0)
2025-12-25 09:22:36,602 INFO stopped: suricata (exit status 0)
2025-12-25 09:22:48,395 CRIT Supervisor is running as root.  Privileges were not dropped because no user is specified in the config file.  If you intend to run as root, you can set user=root in the config file to avoid this message.
2025-12-25 09:22:48,398 INFO supervisord started with pid 1
2025-12-25 09:22:49,409 INFO spawned: 'suricata' with pid 7
2025-12-25 09:22:49,424 INFO spawned: 'nginx' with pid 8
2025-12-25 09:22:49,437 INFO spawned: 'fastapi' with pid 9
2025-12-25 09:22:49,449 INFO spawned: 'streamlit' with pid 11
2025-12-25 09:22:50,113 WARN exited: fastapi (exit status 1; not expected)
2025-12-25 09:22:50,793 INFO success: suricata entered RUNNING state, process has stayed up for > than 1 seconds (startsecs)
2025-12-25 09:22:50,794 INFO success: nginx entered RUNNING state, process has stayed up for > than 1 seconds (startsecs)
2025-12-25 09:22:50,794 INFO success: streamlit entered RUNNING state, process has stayed up for > than 1 seconds (startsecs)
2025-12-25 09:22:51,809 INFO spawned: 'fastapi' with pid 26
2025-12-25 09:22:52,262 WARN exited: fastapi (exit status 1; not expected)
2025-12-25 09:22:54,284 INFO spawned: 'fastapi' with pid 34
2025-12-25 09:22:54,742 WARN exited: fastapi (exit status 1; not expected)
2025-12-25 09:22:57,758 INFO spawned: 'fastapi' with pid 35
2025-12-25 09:22:58,222 WARN exited: fastapi (exit status 1; not expected)
2025-12-25 09:22:59,225 INFO gave up: fastapi entered FATAL state, too many start retries too quickly
2025-12-25 09:23:58,307 WARN received SIGTERM indicating exit request
2025-12-25 09:23:58,309 INFO waiting for suricata, nginx, streamlit to die
2025-12-25 09:23:58,376 INFO stopped: streamlit (exit status 0)
2025-12-25 09:23:59,391 INFO stopped: nginx (exit status 0)
2025-12-25 09:24:00,502 INFO stopped: suricata (exit status 0)
2025-12-25 09:26:23,247 CRIT Supervisor is running as root.  Privileges were not dropped because no user is specified in the config file.  If you intend to run as root, you can set user=root in the config file to avoid this message.
2025-12-25 09:26:23,249 INFO supervisord started with pid 1
2025-12-25 09:26:24,263 INFO spawned: 'suricata' with pid 7
2025-12-25 09:26:24,275 INFO spawned: 'nginx' with pid 8
2025-12-25 09:26:24,284 INFO spawned: 'fastapi' with pid 9
2025-12-25 09:26:24,293 INFO spawned: 'streamlit' with pid 11
2025-12-25 09:26:24,782 WARN exited: fastapi (exit status 1; not expected)
2025-12-25 09:26:25,414 INFO success: suricata entered RUNNING state, process has stayed up for > than 1 seconds (startsecs)
2025-12-25 09:26:25,415 INFO success: nginx entered RUNNING state, process has stayed up for > than 1 seconds (startsecs)
2025-12-25 09:26:25,417 INFO success: streamlit entered RUNNING state, process has stayed up for > than 1 seconds (startsecs)
2025-12-25 09:26:26,431 INFO spawned: 'fastapi' with pid 26
2025-12-25 09:26:26,814 WARN exited: fastapi (exit status 1; not expected)
2025-12-25 09:26:28,826 INFO spawned: 'fastapi' with pid 34
2025-12-25 09:26:29,266 WARN exited: fastapi (exit status 1; not expected)
2025-12-25 09:26:32,279 INFO spawned: 'fastapi' with pid 35
2025-12-25 09:26:32,760 WARN exited: fastapi (exit status 1; not expected)
2025-12-25 09:26:33,764 INFO gave up: fastapi entered FATAL state, too many start retries too quickly
2025-12-25 09:34:11,424 WARN received SIGTERM indicating exit request
2025-12-25 09:34:11,426 INFO waiting for suricata, nginx, streamlit to die
2025-12-25 09:34:11,555 INFO stopped: streamlit (exit status 0)
2025-12-25 09:34:12,571 INFO stopped: nginx (exit status 0)
2025-12-25 09:34:13,982 INFO stopped: suricata (exit status 0)
2025-12-25 09:34:38,633 CRIT Supervisor is running as root.  Privileges were not dropped because no user is specified in the config file.  If you intend to run as root, you can set user=root in the config file to avoid this message.
2025-12-25 09:34:38,640 INFO supervisord started with pid 1
2025-12-25 09:34:39,662 INFO spawned: 'suricata' with pid 7
2025-12-25 09:34:39,674 INFO spawned: 'nginx' with pid 8
2025-12-25 09:34:39,683 INFO spawned: 'fastapi' with pid 9
2025-12-25 09:34:39,692 INFO spawned: 'streamlit' with pid 11
2025-12-25 09:34:40,687 INFO success: suricata entered RUNNING state, process has stayed up for > than 1 seconds (startsecs)
2025-12-25 09:34:40,688 INFO success: nginx entered RUNNING state, process has stayed up for > than 1 seconds (startsecs)
2025-12-25 09:34:40,688 INFO success: fastapi entered RUNNING state, process has stayed up for > than 1 seconds (startsecs)
2025-12-25 09:34:40,688 INFO success: streamlit entered RUNNING state, process has stayed up for > than 1 seconds (startsecs)
2025-12-25 10:04:14,360 WARN received SIGTERM indicating exit request
2025-12-25 10:04:14,363 INFO waiting for suricata, nginx, fastapi, streamlit to die
2025-12-25 10:04:14,491 INFO stopped: streamlit (exit status 0)
2025-12-25 10:04:14,685 WARN stopped: fastapi (terminated by SIGTERM)
2025-12-25 10:04:14,710 INFO stopped: nginx (exit status 0)
2025-12-25 10:04:17,043 INFO stopped: suricata (exit status 0)
2025-12-25 10:04:18,689 CRIT Supervisor is running as root.  Privileges were not dropped because no user is specified in the config file.  If you intend to run as root, you can set user=root in the config file to avoid this message.
2025-12-25 10:04:18,691 INFO supervisord started with pid 1
2025-12-25 10:04:19,709 INFO spawned: 'suricata' with pid 7
2025-12-25 10:04:19,720 INFO spawned: 'nginx' with pid 8
2025-12-25 10:04:19,733 INFO spawned: 'fastapi' with pid 9
2025-12-25 10:04:19,746 INFO spawned: 'streamlit' with pid 11
2025-12-25 10:04:20,948 INFO success: suricata entered RUNNING state, process has stayed up for > than 1 seconds (startsecs)
2025-12-25 10:04:20,949 INFO success: nginx entered RUNNING state, process has stayed up for > than 1 seconds (startsecs)
2025-12-25 10:04:20,950 INFO success: fastapi entered RUNNING state, process has stayed up for > than 1 seconds (startsecs)
2025-12-25 10:04:20,950 INFO success: streamlit entered RUNNING state, process has stayed up for > than 1 seconds (startsecs)
2025-12-25 10:10:19,435 WARN received SIGTERM indicating exit request
2025-12-25 10:10:19,437 INFO waiting for suricata, nginx, fastapi, streamlit to die
2025-12-25 10:10:19,523 INFO stopped: streamlit (exit status 0)
2025-12-25 10:10:19,729 WARN stopped: fastapi (terminated by SIGTERM)
2025-12-25 10:10:19,740 INFO stopped: nginx (exit status 0)
2025-12-25 10:10:22,342 INFO stopped: suricata (exit status 0)
2025-12-25 10:10:23,646 CRIT Supervisor is running as root.  Privileges were not dropped because no user is specified in the config file.  If you intend to run as root, you can set user=root in the config file to avoid this message.
2025-12-25 10:10:23,647 INFO supervisord started with pid 1
2025-12-25 10:10:24,661 INFO spawned: 'suricata' with pid 7
2025-12-25 10:10:24,672 INFO spawned: 'nginx' with pid 8
2025-12-25 10:10:24,681 INFO spawned: 'fastapi' with pid 9
2025-12-25 10:10:24,692 INFO spawned: 'streamlit' with pid 11
2025-12-25 10:10:25,944 INFO success: suricata entered RUNNING state, process has stayed up for > than 1 seconds (startsecs)
2025-12-25 10:10:25,945 INFO success: nginx entered RUNNING state, process has stayed up for > than 1 seconds (startsecs)
2025-12-25 10:10:25,945 INFO success: fastapi entered RUNNING state, process has stayed up for > than 1 seconds (startsecs)
2025-12-25 10:10:25,946 INFO success: streamlit entered RUNNING state, process has stayed up for > than 1 seconds (startsecs)
2025-12-25 10:20:42,317 WARN received SIGTERM indicating exit request
2025-12-25 10:20:42,318 INFO waiting for suricata, nginx, fastapi, streamlit to die
2025-12-25 10:20:42,376 INFO stopped: streamlit (exit status 0)
2025-12-25 10:20:42,509 WARN stopped: fastapi (terminated by SIGTERM)
2025-12-25 10:20:42,525 INFO stopped: nginx (exit status 0)
2025-12-25 10:20:45,092 INFO stopped: suricata (exit status 0)
2025-12-25 10:20:46,380 CRIT Supervisor is running as root.  Privileges were not dropped because no user is specified in the config file.  If you intend to run as root, you can set user=root in the config file to avoid this message.
2025-12-25 10:20:46,384 INFO supervisord started with pid 1
2025-12-25 10:20:47,395 INFO spawned: 'suricata' with pid 6
2025-12-25 10:20:47,407 INFO spawned: 'nginx' with pid 7
2025-12-25 10:20:47,415 INFO spawned: 'fastapi' with pid 8
2025-12-25 10:20:47,431 INFO spawned: 'streamlit' with pid 9
2025-12-25 10:20:48,545 INFO success: suricata entered RUNNING state, process has stayed up for > than 1 seconds (startsecs)
2025-12-25 10:20:48,545 INFO success: nginx entered RUNNING state, process has stayed up for > than 1 seconds (startsecs)
2025-12-25 10:20:48,546 INFO success: fastapi entered RUNNING state, process has stayed up for > than 1 seconds (startsecs)
2025-12-25 10:20:48,546 INFO success: streamlit entered RUNNING state, process has stayed up for > than 1 seconds (startsecs)
2025-12-25 10:22:40,854 WARN received SIGTERM indicating exit request
2025-12-25 10:22:40,856 INFO waiting for suricata, nginx, fastapi, streamlit to die
2025-12-25 10:22:40,943 INFO stopped: streamlit (exit status 0)
2025-12-25 10:22:43,951 INFO waiting for suricata, nginx, fastapi to die
2025-12-25 10:22:44,954 WARN received SIGTERM indicating exit request
2025-12-25 10:22:46,958 INFO waiting for suricata, nginx, fastapi to die
2025-12-25 10:22:49,964 INFO waiting for suricata, nginx, fastapi to die
2025-12-25 10:22:52,788 CRIT Supervisor is running as root.  Privileges were not dropped because no user is specified in the config file.  If you intend to run as root, you can set user=root in the config file to avoid this message.
2025-12-25 10:22:52,791 INFO supervisord started with pid 1
2025-12-25 10:22:53,809 INFO spawned: 'suricata' with pid 7
2025-12-25 10:22:53,821 INFO spawned: 'nginx' with pid 8
2025-12-25 10:22:53,830 INFO spawned: 'fastapi' with pid 9
2025-12-25 10:22:53,838 INFO spawned: 'streamlit' with pid 11
2025-12-25 10:22:55,074 INFO success: suricata entered RUNNING state, process has stayed up for > than 1 seconds (startsecs)
2025-12-25 10:22:55,075 INFO success: nginx entered RUNNING state, process has stayed up for > than 1 seconds (startsecs)
2025-12-25 10:22:55,076 INFO success: fastapi entered RUNNING state, process has stayed up for > than 1 seconds (startsecs)
2025-12-25 10:22:55,076 INFO success: streamlit entered RUNNING state, process has stayed up for > than 1 seconds (startsecs)
2025-12-25 10:27:32,454 WARN received SIGTERM indicating exit request
2025-12-25 10:27:32,456 INFO waiting for suricata, nginx, fastapi, streamlit to die
2025-12-25 10:27:32,538 INFO stopped: streamlit (exit status 0)
2025-12-25 10:27:32,734 WARN stopped: fastapi (terminated by SIGTERM)
2025-12-25 10:27:32,743 INFO stopped: nginx (exit status 0)
2025-12-25 10:27:34,672 INFO stopped: suricata (exit status 0)
2025-12-25 10:27:35,846 CRIT Supervisor is running as root.  Privileges were not dropped because no user is specified in the config file.  If you intend to run as root, you can set user=root in the config file to avoid this message.
2025-12-25 10:27:35,848 INFO supervisord started with pid 1
2025-12-25 10:27:36,868 INFO spawned: 'suricata' with pid 7
2025-12-25 10:27:36,882 INFO spawned: 'nginx' with pid 8
2025-12-25 10:27:36,896 INFO spawned: 'fastapi' with pid 9
2025-12-25 10:27:36,905 INFO spawned: 'streamlit' with pid 11
2025-12-25 10:27:38,103 INFO success: suricata entered RUNNING state, process has stayed up for > than 1 seconds (startsecs)
2025-12-25 10:27:38,105 INFO success: nginx entered RUNNING state, process has stayed up for > than 1 seconds (startsecs)
2025-12-25 10:27:38,106 INFO success: fastapi entered RUNNING state, process has stayed up for > than 1 seconds (startsecs)
2025-12-25 10:27:38,107 INFO success: streamlit entered RUNNING state, process has stayed up for > than 1 seconds (startsecs)
2025-12-25 10:39:27,851 WARN received SIGTERM indicating exit request
2025-12-25 10:39:27,854 INFO waiting for suricata, nginx, fastapi, streamlit to die
2025-12-25 10:39:27,944 INFO stopped: streamlit (exit status 0)
2025-12-25 10:39:28,128 WARN stopped: fastapi (terminated by SIGTERM)
2025-12-25 10:39:28,154 INFO stopped: nginx (exit status 0)
2025-12-25 10:39:30,183 INFO stopped: suricata (exit status 0)
2025-12-25 10:39:44,919 CRIT Supervisor is running as root.  Privileges were not dropped because no user is specified in the config file.  If you intend to run as root, you can set user=root in the config file to avoid this message.
2025-12-25 10:39:44,923 INFO supervisord started with pid 1
2025-12-25 10:39:45,930 INFO spawned: 'suricata' with pid 7
2025-12-25 10:39:45,934 INFO spawned: 'nginx' with pid 8
2025-12-25 10:39:45,944 INFO spawned: 'fastapi' with pid 9
2025-12-25 10:39:45,961 INFO spawned: 'streamlit' with pid 11
2025-12-25 10:39:47,137 INFO success: suricata entered RUNNING state, process has stayed up for > than 1 seconds (startsecs)
2025-12-25 10:39:47,137 INFO success: nginx entered RUNNING state, process has stayed up for > than 1 seconds (startsecs)
2025-12-25 10:39:47,138 INFO success: fastapi entered RUNNING state, process has stayed up for > than 1 seconds (startsecs)
2025-12-25 10:39:47,138 INFO success: streamlit entered RUNNING state, process has stayed up for > than 1 seconds (startsecs)
2025-12-25 10:40:00,783 WARN received SIGTERM indicating exit request
2025-12-25 10:40:00,784 INFO waiting for suricata, nginx, fastapi, streamlit to die
2025-12-25 10:40:00,825 INFO stopped: streamlit (exit status 0)
2025-12-25 10:40:01,001 WARN stopped: fastapi (terminated by SIGTERM)
2025-12-25 10:40:01,004 INFO stopped: nginx (exit status 0)
2025-12-25 10:40:03,092 INFO stopped: suricata (exit status 0)
2025-12-25 10:40:06,118 CRIT Supervisor is running as root.  Privileges were not dropped because no user is specified in the config file.  If you intend to run as root, you can set user=root in the config file to avoid this message.
2025-12-25 10:40:06,120 INFO supervisord started with pid 1
2025-12-25 10:40:07,124 INFO spawned: 'suricata' with pid 6
2025-12-25 10:40:07,127 INFO spawned: 'nginx' with pid 7
2025-12-25 10:40:07,134 INFO spawned: 'fastapi' with pid 8
2025-12-25 10:40:07,138 INFO spawned: 'streamlit' with pid 10
2025-12-25 10:40:08,153 INFO success: suricata entered RUNNING state, process has stayed up for > than 1 seconds (startsecs)
2025-12-25 10:40:08,154 INFO success: nginx entered RUNNING state, process has stayed up for > than 1 seconds (startsecs)
2025-12-25 10:40:08,154 INFO success: fastapi entered RUNNING state, process has stayed up for > than 1 seconds (startsecs)
2025-12-25 10:40:08,155 INFO success: streamlit entered RUNNING state, process has stayed up for > than 1 seconds (startsecs)
2025-12-25 11:00:30,585 WARN received SIGTERM indicating exit request
2025-12-25 11:00:30,587 INFO waiting for suricata, nginx, fastapi, streamlit to die
2025-12-25 11:00:30,676 INFO stopped: streamlit (exit status 0)
2025-12-25 11:00:30,816 WARN stopped: fastapi (terminated by SIGTERM)
2025-12-25 11:00:30,823 INFO stopped: nginx (exit status 0)
2025-12-25 11:00:33,232 INFO stopped: suricata (exit status 0)
2025-12-25 11:00:40,477 CRIT Supervisor is running as root.  Privileges were not dropped because no user is specified in the config file.  If you intend to run as root, you can set user=root in the config file to avoid this message.
2025-12-25 11:00:40,480 INFO supervisord started with pid 1
2025-12-25 11:00:41,496 INFO spawned: 'suricata' with pid 7
2025-12-25 11:00:41,512 INFO spawned: 'nginx' with pid 8
2025-12-25 11:00:41,527 INFO spawned: 'fastapi' with pid 9
2025-12-25 11:00:41,536 INFO spawned: 'streamlit' with pid 11
2025-12-25 11:00:42,773 INFO success: suricata entered RUNNING state, process has stayed up for > than 1 seconds (startsecs)
2025-12-25 11:00:42,773 INFO success: nginx entered RUNNING state, process has stayed up for > than 1 seconds (startsecs)
2025-12-25 11:00:42,774 INFO success: fastapi entered RUNNING state, process has stayed up for > than 1 seconds (startsecs)
2025-12-25 11:00:42,774 INFO success: streamlit entered RUNNING state, process has stayed up for > than 1 seconds (startsecs)
2025-12-25 11:06:11,224 WARN received SIGTERM indicating exit request
2025-12-25 11:06:11,226 INFO waiting for suricata, nginx, fastapi, streamlit to die
2025-12-25 11:06:11,316 INFO stopped: streamlit (exit status 0)
2025-12-25 11:06:11,511 WARN stopped: fastapi (terminated by SIGTERM)
2025-12-25 11:06:11,521 INFO stopped: nginx (exit status 0)
2025-12-25 11:06:14,193 INFO stopped: suricata (exit status 0)
2025-12-25 11:06:22,848 CRIT Supervisor is running as root.  Privileges were not dropped because no user is specified in the config file.  If you intend to run as root, you can set user=root in the config file to avoid this message.
2025-12-25 11:06:22,850 INFO supervisord started with pid 1
2025-12-25 11:06:23,859 INFO spawned: 'suricata' with pid 8
2025-12-25 11:06:23,866 INFO spawned: 'nginx' with pid 9
2025-12-25 11:06:23,877 INFO spawned: 'fastapi' with pid 10
2025-12-25 11:06:23,897 INFO spawned: 'streamlit' with pid 12
2025-12-25 11:06:23,972 WARN received SIGTERM indicating exit request
2025-12-25 11:06:23,977 INFO waiting for suricata, nginx, fastapi, streamlit to die
2025-12-25 11:06:23,980 WARN stopped: streamlit (terminated by SIGTERM)
2025-12-25 11:06:23,982 WARN stopped: fastapi (terminated by SIGTERM)
2025-12-25 11:06:23,985 INFO stopped: nginx (exit status 0)
2025-12-25 11:06:26,843 INFO stopped: suricata (exit status 0)
2025-12-25 11:06:36,095 CRIT Supervisor is running as root.  Privileges were not dropped because no user is specified in the config file.  If you intend to run as root, you can set user=root in the config file to avoid this message.
2025-12-25 11:06:36,096 INFO supervisord started with pid 1
2025-12-25 11:06:37,110 INFO spawned: 'suricata' with pid 7
2025-12-25 11:06:37,118 INFO spawned: 'nginx' with pid 8
2025-12-25 11:06:37,127 INFO spawned: 'fastapi' with pid 9
2025-12-25 11:06:37,130 INFO spawned: 'streamlit' with pid 11
2025-12-25 11:06:38,222 INFO success: suricata entered RUNNING state, process has stayed up for > than 1 seconds (startsecs)
2025-12-25 11:06:38,222 INFO success: nginx entered RUNNING state, process has stayed up for > than 1 seconds (startsecs)
2025-12-25 11:06:38,222 INFO success: fastapi entered RUNNING state, process has stayed up for > than 1 seconds (startsecs)
2025-12-25 11:06:38,223 INFO success: streamlit entered RUNNING state, process has stayed up for > than 1 seconds (startsecs)
2025-12-25 11:07:05,108 WARN received SIGTERM indicating exit request
2025-12-25 11:07:05,110 INFO waiting for suricata, nginx, fastapi, streamlit to die
2025-12-25 11:07:05,180 INFO stopped: streamlit (exit status 0)
2025-12-25 11:07:05,371 WARN stopped: fastapi (terminated by SIGTERM)
2025-12-25 11:07:06,382 INFO stopped: nginx (exit status 0)
2025-12-25 11:07:08,222 INFO waiting for suricata to die
2025-12-25 11:07:08,912 INFO stopped: suricata (exit status 0)
2025-12-25 11:07:13,692 CRIT Supervisor is running as root.  Privileges were not dropped because no user is specified in the config file.  If you intend to run as root, you can set user=root in the config file to avoid this message.
2025-12-25 11:07:13,694 INFO supervisord started with pid 1
2025-12-25 11:07:14,705 INFO spawned: 'suricata' with pid 7
2025-12-25 11:07:14,712 INFO spawned: 'nginx' with pid 8
2025-12-25 11:07:14,720 INFO spawned: 'fastapi' with pid 9
2025-12-25 11:07:14,727 INFO spawned: 'streamlit' with pid 11
2025-12-25 11:07:16,023 INFO success: suricata entered RUNNING state, process has stayed up for > than 1 seconds (startsecs)
2025-12-25 11:07:16,024 INFO success: nginx entered RUNNING state, process has stayed up for > than 1 seconds (startsecs)
2025-12-25 11:07:16,024 INFO success: fastapi entered RUNNING state, process has stayed up for > than 1 seconds (startsecs)
2025-12-25 11:07:16,025 INFO success: streamlit entered RUNNING state, process has stayed up for > than 1 seconds (startsecs)
2025-12-25 11:08:42,760 WARN received SIGTERM indicating exit request
2025-12-25 11:08:42,761 INFO waiting for suricata, nginx, fastapi, streamlit to die
2025-12-25 11:08:42,808 INFO stopped: streamlit (exit status 0)
2025-12-25 11:08:43,011 WARN stopped: fastapi (terminated by SIGTERM)
2025-12-25 11:08:43,024 INFO stopped: nginx (exit status 0)
2025-12-25 11:08:45,302 INFO stopped: suricata (exit status 0)
2025-12-25 11:09:00,194 CRIT Supervisor is running as root.  Privileges were not dropped because no user is specified in the config file.  If you intend to run as root, you can set user=root in the config file to avoid this message.
2025-12-25 11:09:00,197 INFO supervisord started with pid 1
2025-12-25 11:09:01,214 INFO spawned: 'suricata' with pid 7
2025-12-25 11:09:01,225 INFO spawned: 'nginx' with pid 8
2025-12-25 11:09:01,234 INFO spawned: 'fastapi' with pid 9
2025-12-25 11:09:01,243 INFO spawned: 'streamlit' with pid 11
2025-12-25 11:09:02,359 INFO success: suricata entered RUNNING state, process has stayed up for > than 1 seconds (startsecs)
2025-12-25 11:09:02,359 INFO success: nginx entered RUNNING state, process has stayed up for > than 1 seconds (startsecs)
2025-12-25 11:09:02,359 INFO success: fastapi entered RUNNING state, process has stayed up for > than 1 seconds (startsecs)
2025-12-25 11:09:02,360 INFO success: streamlit entered RUNNING state, process has stayed up for > than 1 seconds (startsecs)
2025-12-25 11:09:35,431 WARN received SIGTERM indicating exit request
2025-12-25 11:09:35,432 INFO waiting for suricata, nginx, fastapi, streamlit to die
2025-12-25 11:09:35,470 INFO stopped: streamlit (exit status 0)
2025-12-25 11:09:35,640 WARN stopped: fastapi (terminated by SIGTERM)
2025-12-25 11:09:35,644 INFO stopped: nginx (exit status 0)
2025-12-25 11:09:37,962 INFO stopped: suricata (exit status 0)
2025-12-25 11:09:46,171 CRIT Supervisor is running as root.  Privileges were not dropped because no user is specified in the config file.  If you intend to run as root, you can set user=root in the config file to avoid this message.
2025-12-25 11:09:46,174 INFO supervisord started with pid 1
2025-12-25 11:09:47,189 INFO spawned: 'suricata' with pid 7
2025-12-25 11:09:47,203 INFO spawned: 'nginx' with pid 8
2025-12-25 11:09:47,213 INFO spawned: 'fastapi' with pid 9
2025-12-25 11:09:47,224 INFO spawned: 'streamlit' with pid 11
2025-12-25 11:09:48,289 INFO success: suricata entered RUNNING state, process has stayed up for > than 1 seconds (startsecs)
2025-12-25 11:09:48,289 INFO success: nginx entered RUNNING state, process has stayed up for > than 1 seconds (startsecs)
2025-12-25 11:09:48,290 INFO success: fastapi entered RUNNING state, process has stayed up for > than 1 seconds (startsecs)
2025-12-25 11:09:48,290 INFO success: streamlit entered RUNNING state, process has stayed up for > than 1 seconds (startsecs)
2025-12-25 11:34:12,812 WARN received SIGTERM indicating exit request
2025-12-25 11:34:12,815 INFO waiting for suricata, nginx, fastapi, streamlit to die
2025-12-25 11:34:12,878 INFO stopped: streamlit (exit status 0)
2025-12-25 11:34:13,075 WARN stopped: fastapi (terminated by SIGTERM)
2025-12-25 11:34:13,097 INFO stopped: nginx (exit status 0)
2025-12-25 11:34:15,002 INFO stopped: suricata (exit status 0)
2025-12-25 11:37:10,490 CRIT Supervisor is running as root.  Privileges were not dropped because no user is specified in the config file.  If you intend to run as root, you can set user=root in the config file to avoid this message.
2025-12-25 11:37:10,492 INFO supervisord started with pid 1
2025-12-25 11:37:11,504 INFO spawned: 'suricata' with pid 7
2025-12-25 11:37:11,514 INFO spawned: 'nginx' with pid 8
2025-12-25 11:37:11,528 INFO spawned: 'fastapi' with pid 9
2025-12-25 11:37:11,546 INFO spawned: 'streamlit' with pid 11
2025-12-25 11:37:12,675 INFO success: suricata entered RUNNING state, process has stayed up for > than 1 seconds (startsecs)
2025-12-25 11:37:12,675 INFO success: nginx entered RUNNING state, process has stayed up for > than 1 seconds (startsecs)
2025-12-25 11:37:12,675 INFO success: fastapi entered RUNNING state, process has stayed up for > than 1 seconds (startsecs)
2025-12-25 11:37:12,675 INFO success: streamlit entered RUNNING state, process has stayed up for > than 1 seconds (startsecs)
2025-12-25 11:39:59,791 WARN received SIGTERM indicating exit request
2025-12-25 11:39:59,792 INFO waiting for suricata, nginx, fastapi, streamlit to die
2025-12-25 11:39:59,841 INFO stopped: streamlit (exit status 0)
2025-12-25 11:40:00,026 WARN stopped: fastapi (terminated by SIGTERM)
2025-12-25 11:40:00,048 INFO stopped: nginx (exit status 0)
2025-12-25 11:40:02,852 INFO stopped: suricata (exit status 0)
2025-12-25 11:40:04,229 CRIT Supervisor is running as root.  Privileges were not dropped because no user is specified in the config file.  If you intend to run as root, you can set user=root in the config file to avoid this message.
2025-12-25 11:40:04,230 INFO supervisord started with pid 1
2025-12-25 11:40:05,241 INFO spawned: 'suricata' with pid 7
2025-12-25 11:40:05,248 INFO spawned: 'nginx' with pid 8
2025-12-25 11:40:05,261 INFO spawned: 'fastapi' with pid 10
2025-12-25 11:40:05,275 INFO spawned: 'streamlit' with pid 11
2025-12-25 11:40:06,334 INFO success: suricata entered RUNNING state, process has stayed up for > than 1 seconds (startsecs)
2025-12-25 11:40:06,334 INFO success: nginx entered RUNNING state, process has stayed up for > than 1 seconds (startsecs)
2025-12-25 11:40:06,334 INFO success: fastapi entered RUNNING state, process has stayed up for > than 1 seconds (startsecs)
2025-12-25 11:40:06,335 INFO success: streamlit entered RUNNING state, process has stayed up for > than 1 seconds (startsecs)
2025-12-25 11:41:21,596 WARN received SIGTERM indicating exit request
2025-12-25 11:41:21,597 INFO waiting for suricata, nginx, fastapi, streamlit to die
2025-12-25 11:41:21,674 INFO stopped: streamlit (exit status 0)
2025-12-25 11:41:21,846 WARN stopped: fastapi (terminated by SIGTERM)
2025-12-25 11:41:21,853 INFO stopped: nginx (exit status 0)
2025-12-25 11:41:24,092 INFO stopped: suricata (exit status 0)
2025-12-25 11:42:54,558 CRIT Supervisor is running as root.  Privileges were not dropped because no user is specified in the config file.  If you intend to run as root, you can set user=root in the config file to avoid this message.
2025-12-25 11:42:54,560 INFO supervisord started with pid 1
2025-12-25 11:42:55,573 INFO spawned: 'suricata' with pid 7
2025-12-25 11:42:55,582 INFO spawned: 'nginx' with pid 8
2025-12-25 11:42:55,595 INFO spawned: 'fastapi' with pid 9
2025-12-25 11:42:55,607 INFO spawned: 'streamlit' with pid 12
2025-12-25 11:42:56,660 INFO success: suricata entered RUNNING state, process has stayed up for > than 1 seconds (startsecs)
2025-12-25 11:42:56,661 INFO success: nginx entered RUNNING state, process has stayed up for > than 1 seconds (startsecs)
2025-12-25 11:42:56,661 INFO success: fastapi entered RUNNING state, process has stayed up for > than 1 seconds (startsecs)
2025-12-25 11:42:56,661 INFO success: streamlit entered RUNNING state, process has stayed up for > than 1 seconds (startsecs)
2025-12-25 11:44:03,632 WARN received SIGTERM indicating exit request
2025-12-25 11:44:03,635 INFO waiting for suricata, nginx, fastapi, streamlit to die
2025-12-25 11:44:03,714 INFO stopped: streamlit (exit status 0)
2025-12-25 11:44:04,719 WARN stopped: fastapi (terminated by SIGTERM)
2025-12-25 11:44:04,731 INFO stopped: nginx (exit status 0)
2025-12-25 11:44:07,362 INFO stopped: suricata (exit status 0)
2025-12-25 11:44:09,562 CRIT Supervisor is running as root.  Privileges were not dropped because no user is specified in the config file.  If you intend to run as root, you can set user=root in the config file to avoid this message.
2025-12-25 11:44:09,564 INFO supervisord started with pid 1
2025-12-25 11:44:10,581 INFO spawned: 'suricata' with pid 7
2025-12-25 11:44:10,595 INFO spawned: 'nginx' with pid 8
2025-12-25 11:44:10,605 INFO spawned: 'fastapi' with pid 9
2025-12-25 11:44:10,614 INFO spawned: 'streamlit' with pid 12
2025-12-25 11:44:11,657 INFO success: suricata entered RUNNING state, process has stayed up for > than 1 seconds (startsecs)
2025-12-25 11:44:11,658 INFO success: nginx entered RUNNING state, process has stayed up for > than 1 seconds (startsecs)
2025-12-25 11:44:11,658 INFO success: fastapi entered RUNNING state, process has stayed up for > than 1 seconds (startsecs)
2025-12-25 11:44:11,658 INFO success: streamlit entered RUNNING state, process has stayed up for > than 1 seconds (startsecs)
2025-12-25 11:44:57,696 WARN received SIGTERM indicating exit request
2025-12-25 11:44:57,698 INFO waiting for suricata, nginx, fastapi, streamlit to die
2025-12-25 11:44:57,811 INFO stopped: streamlit (exit status 0)
2025-12-25 11:44:58,818 WARN stopped: fastapi (terminated by SIGTERM)
2025-12-25 11:44:58,866 INFO stopped: nginx (exit status 0)
2025-12-25 11:45:00,717 INFO waiting for suricata to die
2025-12-25 11:45:01,543 INFO stopped: suricata (exit status 0)
2025-12-25 11:45:04,667 CRIT Supervisor is running as root.  Privileges were not dropped because no user is specified in the config file.  If you intend to run as root, you can set user=root in the config file to avoid this message.
2025-12-25 11:45:04,669 INFO supervisord started with pid 1
2025-12-25 11:45:05,708 INFO spawned: 'suricata' with pid 7
2025-12-25 11:45:05,719 INFO spawned: 'nginx' with pid 8
2025-12-25 11:45:05,728 INFO spawned: 'fastapi' with pid 9
2025-12-25 11:45:05,745 INFO spawned: 'streamlit' with pid 12
2025-12-25 11:45:06,732 INFO success: suricata entered RUNNING state, process has stayed up for > than 1 seconds (startsecs)
2025-12-25 11:45:06,733 INFO success: nginx entered RUNNING state, process has stayed up for > than 1 seconds (startsecs)
2025-12-25 11:45:06,733 INFO success: fastapi entered RUNNING state, process has stayed up for > than 1 seconds (startsecs)
2025-12-25 11:45:06,733 INFO success: streamlit entered RUNNING state, process has stayed up for > than 1 seconds (startsecs)
2025-12-25 11:46:47,306 WARN received SIGTERM indicating exit request
2025-12-25 11:46:47,307 INFO waiting for suricata, nginx, fastapi, streamlit to die
2025-12-25 11:46:47,339 INFO stopped: streamlit (exit status 0)
2025-12-25 11:46:48,342 WARN stopped: fastapi (terminated by SIGTERM)
2025-12-25 11:46:48,346 INFO stopped: nginx (exit status 0)
2025-12-25 11:46:50,212 INFO stopped: suricata (exit status 0)
2025-12-25 11:46:55,123 CRIT Supervisor is running as root.  Privileges were not dropped because no user is specified in the config file.  If you intend to run as root, you can set user=root in the config file to avoid this message.
2025-12-25 11:46:55,124 INFO supervisord started with pid 1
2025-12-25 11:46:56,128 INFO spawned: 'suricata' with pid 7
2025-12-25 11:46:56,131 INFO spawned: 'nginx' with pid 8
2025-12-25 11:46:56,133 INFO spawned: 'fastapi' with pid 9
2025-12-25 11:46:56,135 INFO spawned: 'streamlit' with pid 11
2025-12-25 11:46:57,352 INFO success: suricata entered RUNNING state, process has stayed up for > than 1 seconds (startsecs)
2025-12-25 11:46:57,353 INFO success: nginx entered RUNNING state, process has stayed up for > than 1 seconds (startsecs)
2025-12-25 11:46:57,353 INFO success: fastapi entered RUNNING state, process has stayed up for > than 1 seconds (startsecs)
2025-12-25 11:46:57,353 INFO success: streamlit entered RUNNING state, process has stayed up for > than 1 seconds (startsecs)
2025-12-25 11:50:48,573 WARN received SIGTERM indicating exit request
2025-12-25 11:50:48,574 INFO waiting for suricata, nginx, fastapi, streamlit to die
2025-12-25 11:50:48,611 INFO stopped: streamlit (exit status 0)
2025-12-25 11:50:49,614 WARN stopped: fastapi (terminated by SIGTERM)
2025-12-25 11:50:49,619 INFO stopped: nginx (exit status 0)
2025-12-25 11:50:51,983 INFO stopped: suricata (exit status 0)
2025-12-25 11:51:52,723 CRIT Supervisor is running as root.  Privileges were not dropped because no user is specified in the config file.  If you intend to run as root, you can set user=root in the config file to avoid this message.
2025-12-25 11:51:52,726 INFO supervisord started with pid 1
2025-12-25 11:51:53,730 INFO spawned: 'suricata' with pid 7
2025-12-25 11:51:53,733 INFO spawned: 'nginx' with pid 8
2025-12-25 11:51:53,736 INFO spawned: 'fastapi' with pid 9
2025-12-25 11:51:53,739 INFO spawned: 'streamlit' with pid 11
2025-12-25 11:51:54,953 INFO success: suricata entered RUNNING state, process has stayed up for > than 1 seconds (startsecs)
2025-12-25 11:51:54,954 INFO success: nginx entered RUNNING state, process has stayed up for > than 1 seconds (startsecs)
2025-12-25 11:51:54,954 INFO success: fastapi entered RUNNING state, process has stayed up for > than 1 seconds (startsecs)
2025-12-25 11:51:54,954 INFO success: streamlit entered RUNNING state, process has stayed up for > than 1 seconds (startsecs)
2025-12-25 11:52:54,068 WARN received SIGTERM indicating exit request
2025-12-25 11:52:54,069 INFO waiting for suricata, nginx, fastapi, streamlit to die
2025-12-25 11:52:54,103 INFO stopped: streamlit (exit status 0)
2025-12-25 11:52:55,105 WARN stopped: fastapi (terminated by SIGTERM)
2025-12-25 11:52:55,111 INFO stopped: nginx (exit status 0)
2025-12-25 11:52:57,442 INFO stopped: suricata (exit status 0)
2025-12-25 11:53:02,268 CRIT Supervisor is running as root.  Privileges were not dropped because no user is specified in the config file.  If you intend to run as root, you can set user=root in the config file to avoid this message.
2025-12-25 11:53:02,270 INFO supervisord started with pid 1
2025-12-25 11:53:03,275 INFO spawned: 'suricata' with pid 7
2025-12-25 11:53:03,278 INFO spawned: 'nginx' with pid 8
2025-12-25 11:53:03,281 INFO spawned: 'fastapi' with pid 9
2025-12-25 11:53:03,289 INFO spawned: 'streamlit' with pid 12
2025-12-25 11:53:04,294 INFO success: suricata entered RUNNING state, process has stayed up for > than 1 seconds (startsecs)
2025-12-25 11:53:04,294 INFO success: nginx entered RUNNING state, process has stayed up for > than 1 seconds (startsecs)
2025-12-25 11:53:04,294 INFO success: fastapi entered RUNNING state, process has stayed up for > than 1 seconds (startsecs)
2025-12-25 11:53:04,295 INFO success: streamlit entered RUNNING state, process has stayed up for > than 1 seconds (startsecs)
2025-12-25 11:57:34,484 WARN received SIGTERM indicating exit request
2025-12-25 11:57:34,485 INFO waiting for suricata, nginx, fastapi, streamlit to die
2025-12-25 11:57:34,521 INFO stopped: streamlit (exit status 0)
2025-12-25 11:57:35,523 WARN stopped: fastapi (terminated by SIGTERM)
2025-12-25 11:57:35,527 INFO stopped: nginx (exit status 0)
2025-12-25 11:57:38,117 INFO stopped: suricata (exit status 0)
2025-12-25 11:57:39,198 CRIT Supervisor is running as root.  Privileges were not dropped because no user is specified in the config file.  If you intend to run as root, you can set user=root in the config file to avoid this message.
2025-12-25 11:57:39,200 INFO supervisord started with pid 1
2025-12-25 11:57:40,203 INFO spawned: 'suricata' with pid 7
2025-12-25 11:57:40,205 INFO spawned: 'nginx' with pid 8
2025-12-25 11:57:40,211 INFO spawned: 'fastapi' with pid 9
2025-12-25 11:57:40,214 INFO spawned: 'streamlit' with pid 12
2025-12-25 11:57:41,528 INFO success: suricata entered RUNNING state, process has stayed up for > than 1 seconds (startsecs)
2025-12-25 11:57:41,528 INFO success: nginx entered RUNNING state, process has stayed up for > than 1 seconds (startsecs)
2025-12-25 11:57:41,528 INFO success: fastapi entered RUNNING state, process has stayed up for > than 1 seconds (startsecs)
2025-12-25 11:57:41,528 INFO success: streamlit entered RUNNING state, process has stayed up for > than 1 seconds (startsecs)
2025-12-25 11:59:33,843 WARN received SIGTERM indicating exit request
2025-12-25 11:59:33,843 INFO waiting for suricata, nginx, fastapi, streamlit to die
2025-12-25 11:59:33,876 INFO stopped: streamlit (exit status 0)
2025-12-25 11:59:34,358 WARN stopped: fastapi (terminated by SIGTERM)
2025-12-25 11:59:34,363 INFO stopped: nginx (exit status 0)
2025-12-25 11:59:36,608 INFO stopped: suricata (exit status 0)
2025-12-25 12:01:07,149 CRIT Supervisor is running as root.  Privileges were not dropped because no user is specified in the config file.  If you intend to run as root, you can set user=root in the config file to avoid this message.
2025-12-25 12:01:07,151 INFO supervisord started with pid 1
2025-12-25 12:01:08,156 INFO spawned: 'suricata' with pid 7
2025-12-25 12:01:08,158 INFO spawned: 'nginx' with pid 8
2025-12-25 12:01:08,161 INFO spawned: 'fastapi' with pid 9
2025-12-25 12:01:08,163 INFO spawned: 'streamlit' with pid 11
2025-12-25 12:01:09,188 INFO success: suricata entered RUNNING state, process has stayed up for > than 1 seconds (startsecs)
2025-12-25 12:01:09,188 INFO success: nginx entered RUNNING state, process has stayed up for > than 1 seconds (startsecs)
2025-12-25 12:01:09,189 INFO success: fastapi entered RUNNING state, process has stayed up for > than 1 seconds (startsecs)
2025-12-25 12:01:09,189 INFO success: streamlit entered RUNNING state, process has stayed up for > than 1 seconds (startsecs)
2025-12-25 12:12:14,152 WARN received SIGTERM indicating exit request
2025-12-25 12:12:14,153 INFO waiting for suricata, nginx, fastapi, streamlit to die
2025-12-25 12:12:14,194 INFO stopped: streamlit (exit status 0)
2025-12-25 12:12:15,198 WARN stopped: fastapi (terminated by SIGTERM)
2025-12-25 12:12:15,202 INFO stopped: nginx (exit status 0)
2025-12-25 12:12:16,971 INFO stopped: suricata (exit status 0)
2025-12-25 12:12:50,638 CRIT Supervisor is running as root.  Privileges were not dropped because no user is specified in the config file.  If you intend to run as root, you can set user=root in the config file to avoid this message.
2025-12-25 12:12:50,640 INFO supervisord started with pid 1
2025-12-25 12:12:51,645 INFO spawned: 'suricata' with pid 7
2025-12-25 12:12:51,647 INFO spawned: 'nginx' with pid 8
2025-12-25 12:12:51,649 INFO spawned: 'fastapi' with pid 9
2025-12-25 12:12:51,652 INFO spawned: 'streamlit' with pid 11
2025-12-25 12:12:53,012 INFO success: suricata entered RUNNING state, process has stayed up for > than 1 seconds (startsecs)
2025-12-25 12:12:53,012 INFO success: nginx entered RUNNING state, process has stayed up for > than 1 seconds (startsecs)
2025-12-25 12:12:53,012 INFO success: fastapi entered RUNNING state, process has stayed up for > than 1 seconds (startsecs)
2025-12-25 12:12:53,012 INFO success: streamlit entered RUNNING state, process has stayed up for > than 1 seconds (startsecs)
2025-12-25 12:24:40,212 WARN received SIGTERM indicating exit request
2025-12-25 12:24:40,212 INFO waiting for suricata, nginx, fastapi, streamlit to die
2025-12-25 12:24:40,252 INFO stopped: streamlit (exit status 0)
2025-12-25 12:24:41,256 WARN stopped: fastapi (terminated by SIGTERM)
2025-12-25 12:24:41,260 INFO stopped: nginx (exit status 0)
2025-12-25 12:24:42,833 INFO stopped: suricata (exit status 0)
2025-12-25 12:24:47,697 CRIT Supervisor is running as root.  Privileges were not dropped because no user is specified in the config file.  If you intend to run as root, you can set user=root in the config file to avoid this message.
2025-12-25 12:24:47,698 INFO supervisord started with pid 1
2025-12-25 12:24:48,704 INFO spawned: 'suricata' with pid 7
2025-12-25 12:24:48,708 INFO spawned: 'nginx' with pid 8
2025-12-25 12:24:48,712 INFO spawned: 'fastapi' with pid 9
2025-12-25 12:24:48,715 INFO spawned: 'streamlit' with pid 12
2025-12-25 12:24:49,710 INFO success: suricata entered RUNNING state, process has stayed up for > than 1 seconds (startsecs)
2025-12-25 12:24:49,710 INFO success: nginx entered RUNNING state, process has stayed up for > than 1 seconds (startsecs)
2025-12-25 12:24:49,710 INFO success: fastapi entered RUNNING state, process has stayed up for > than 1 seconds (startsecs)
2025-12-25 12:24:49,735 INFO success: streamlit entered RUNNING state, process has stayed up for > than 1 seconds (startsecs)
2025-12-25 12:39:11,692 WARN received SIGTERM indicating exit request
2025-12-25 12:39:11,693 INFO waiting for suricata, nginx, fastapi, streamlit to die
2025-12-25 12:39:11,761 INFO stopped: streamlit (exit status 0)
2025-12-25 12:39:11,888 WARN stopped: fastapi (terminated by SIGTERM)
2025-12-25 12:39:11,893 INFO stopped: nginx (exit status 0)
2025-12-25 12:39:13,573 INFO stopped: suricata (exit status 0)
2025-12-25 12:39:23,814 CRIT Supervisor is running as root.  Privileges were not dropped because no user is specified in the config file.  If you intend to run as root, you can set user=root in the config file to avoid this message.
2025-12-25 12:39:23,816 INFO supervisord started with pid 1
2025-12-25 12:39:24,826 INFO spawned: 'suricata' with pid 6
2025-12-25 12:39:24,830 INFO spawned: 'nginx' with pid 7
2025-12-25 12:39:24,845 INFO spawned: 'fastapi' with pid 8
2025-12-25 12:39:24,863 INFO spawned: 'streamlit' with pid 11
2025-12-25 12:39:25,858 INFO success: suricata entered RUNNING state, process has stayed up for > than 1 seconds (startsecs)
2025-12-25 12:39:25,859 INFO success: nginx entered RUNNING state, process has stayed up for > than 1 seconds (startsecs)
2025-12-25 12:39:25,859 INFO success: fastapi entered RUNNING state, process has stayed up for > than 1 seconds (startsecs)
2025-12-25 12:39:25,859 INFO success: streamlit entered RUNNING state, process has stayed up for > than 1 seconds (startsecs)
