2025-12-24 18:12:15,944 - __main__ - INFO - ============================================================
2025-12-24 18:12:15,946 - __main__ - INFO - Edge Server Starting Up
2025-12-24 18:12:15,947 - __main__ - INFO - ============================================================
2025-12-24 18:12:15,953 - __main__ - INFO - ✓ ServeClient initialized (Cloud: http://localhost:8080)
2025-12-24 18:12:16,896 - __main__ - ERROR - ✗ Cloud login failed: HTTP 403: 
2025-12-24 18:12:16,897 - __main__ - WARNING - Continuing without cloud connection...
2025-12-24 18:12:16,897 - __main__ - INFO - ✓ VisionEngine initialized
2025-12-24 18:12:16,898 - __main__ - INFO - ℹ Vectorstore path does not exist: ./local_vectorstore
2025-12-24 18:12:16,899 - __main__ - INFO - ============================================================
2025-12-24 18:12:16,899 - __main__ - INFO - Edge Server Ready
2025-12-24 18:12:16,899 - __main__ - INFO - ============================================================
2025-12-24 18:13:23,576 - __main__ - INFO - 📥 Received sensor data from AGV-001 (IP: 127.0.0.1)
2025-12-24 18:13:23,576 - __main__ - INFO -    Data: {
  "robot_id": "AGV-001",
  "temperature": 20.28,
  "pressure": 102.11,
  "data": null,
  "timestam...
2025-12-24 18:13:23,577 - __main__ - WARNING -    ⚠ Cloud not connected, storing locally only
2025-12-24 18:13:33,276 - __main__ - INFO - 📥 Received sensor data from AGV-001' OR '1'='1 (IP: 127.0.0.1)
2025-12-24 18:13:33,277 - __main__ - INFO -    Data: {
  "robot_id": "AGV-001' OR '1'='1",
  "temperature": 20.18,
  "pressure": 97.79,
  "data": null,
 ...
2025-12-24 18:13:33,277 - __main__ - WARNING -    ⚠ Cloud not connected, storing locally only
2025-12-24 18:13:34,281 - __main__ - INFO - 📥 Received sensor data from AGV-001'; DELETE FROM documents WHERE 1=1;-- (IP: 127.0.0.1)
2025-12-24 18:13:34,282 - __main__ - INFO -    Data: {
  "robot_id": "AGV-001'; DELETE FROM documents WHERE 1=1;--",
  "temperature": 20.07,
  "pressure"...
2025-12-24 18:13:34,282 - __main__ - WARNING -    ⚠ Cloud not connected, storing locally only
2025-12-24 18:19:40,635 - __main__ - INFO - ============================================================
2025-12-24 18:19:40,636 - __main__ - INFO - Edge Server Starting Up
2025-12-24 18:19:40,636 - __main__ - INFO - ============================================================
2025-12-24 18:19:40,639 - __main__ - INFO - ✓ ServeClient initialized (Cloud: http://localhost:8080)
2025-12-24 18:19:40,718 - __main__ - INFO - ✓ Logged in to cloud as edge@serve.local
2025-12-24 18:19:40,718 - __main__ - INFO - ✓ VisionEngine initialized
2025-12-24 18:19:40,718 - __main__ - INFO - ℹ Vectorstore path does not exist: ./local_vectorstore
2025-12-24 18:19:40,719 - __main__ - INFO - ============================================================
2025-12-24 18:19:40,719 - __main__ - INFO - Edge Server Ready
2025-12-24 18:19:40,719 - __main__ - INFO - ============================================================
2025-12-24 18:20:24,332 - __main__ - INFO - ============================================================
2025-12-24 18:20:24,334 - __main__ - INFO - Edge Server Starting Up
2025-12-24 18:20:24,334 - __main__ - INFO - ============================================================
2025-12-24 18:20:24,337 - __main__ - INFO - ✓ ServeClient initialized (Cloud: http://localhost:8080)
2025-12-24 18:20:24,410 - __main__ - INFO - ✓ Logged in to cloud as edge@serve.local
2025-12-24 18:20:24,410 - __main__ - INFO - ✓ VisionEngine initialized
2025-12-24 18:20:24,411 - __main__ - INFO - ℹ Vectorstore path does not exist: ./local_vectorstore
2025-12-24 18:20:24,411 - __main__ - INFO - ============================================================
2025-12-24 18:20:24,412 - __main__ - INFO - Edge Server Ready
2025-12-24 18:20:24,412 - __main__ - INFO - ============================================================
2025-12-24 18:20:50,255 - __main__ - INFO - 📥 Received sensor data from AGV-001 (IP: 127.0.0.1)
2025-12-24 18:20:50,256 - __main__ - INFO -    Data: {
  "robot_id": "AGV-001",
  "temperature": 24.89,
  "pressure": 100.73,
  "data": null,
  "timestam...
2025-12-24 18:20:50,397 - __main__ - INFO -    ✓ Document created: AGV-001_20251224_182050
2025-12-24 18:20:50,512 - __main__ - ERROR -    ✗ Failed to upload chunks: 청크 업로드 실패
