[343 - Suricata-Main] 2025-12-25 08:37:03 Notice: suricata: This is Suricata version 7.0.10 RELEASE running in SYSTEM mode
[343 - Suricata-Main] 2025-12-25 08:37:03 Info: cpu: CPUs/cores online: 8
[343 - Suricata-Main] 2025-12-25 08:37:03 Info: suricata: Running suricata under test mode
[343 - Suricata-Main] 2025-12-25 08:37:03 Info: suricata: Setting engine mode to IDS mode by default
[343 - Suricata-Main] 2025-12-25 08:37:03 Info: exception-policy: master exception-policy set to: auto
[343 - Suricata-Main] 2025-12-25 08:37:03 Info: logopenfile: fast output device (regular) initialized: fast.log
[343 - Suricata-Main] 2025-12-25 08:37:03 Info: logopenfile: eve-log output device (regular) initialized: eve.json
[343 - Suricata-Main] 2025-12-25 08:37:03 Info: logopenfile: stats output device (regular) initialized: stats.log
[343 - Suricata-Main] 2025-12-25 08:37:08 Error: detect-parse: bad option value formatting (possible missing semicolon) for keyword content: '"''
[343 - Suricata-Main] 2025-12-25 08:37:08 Error: detect: error parsing signature "alert http any any -> any any (msg:"SQL Injection - Batch Execution"; flow:established,to_server; content:"';"; pcre:"/'\s*;\s*[A-Z]+/i"; classtype:web-application-attack; sid:1000013; rev:1;)" from file /etc/suricata/rules/custom.rules at line 39
[343 - Suricata-Main] 2025-12-25 08:37:08 Info: detect: 2 rule files processed. 47311 rules successfully loaded, 1 rules failed, 0
[343 - Suricata-Main] 2025-12-25 08:37:08 Error: suricata: Loading signatures failed.
[344 - Suricata-Main] 2025-12-25 08:37:09 Notice: suricata: This is Suricata version 7.0.10 RELEASE running in SYSTEM mode
[344 - Suricata-Main] 2025-12-25 08:37:09 Info: cpu: CPUs/cores online: 8
[344 - Suricata-Main] 2025-12-25 08:37:09 Info: suricata: Running suricata under test mode
[344 - Suricata-Main] 2025-12-25 08:37:09 Info: suricata: Setting engine mode to IDS mode by default
[344 - Suricata-Main] 2025-12-25 08:37:09 Info: exception-policy: master exception-policy set to: auto
[344 - Suricata-Main] 2025-12-25 08:37:09 Info: logopenfile: fast output device (regular) initialized: fast.log
[344 - Suricata-Main] 2025-12-25 08:37:09 Info: logopenfile: eve-log output device (regular) initialized: eve.json
[344 - Suricata-Main] 2025-12-25 08:37:09 Info: logopenfile: stats output device (regular) initialized: stats.log
[344 - Suricata-Main] 2025-12-25 08:37:14 Error: detect-parse: bad option value formatting (possible missing semicolon) for keyword content: '"''
[344 - Suricata-Main] 2025-12-25 08:37:14 Error: detect: error parsing signature "alert http any any -> any any (msg:"SQL Injection - Batch Execution"; flow:established,to_server; content:"';"; pcre:"/'\s*;\s*[A-Z]+/i"; classtype:web-application-attack; sid:1000013; rev:1;)" from file /etc/suricata/rules/custom.rules at line 39
[344 - Suricata-Main] 2025-12-25 08:37:14 Info: detect: 2 rule files processed. 47311 rules successfully loaded, 1 rules failed, 0
[344 - Suricata-Main] 2025-12-25 08:37:14 Error: suricata: Loading signatures failed.
[397 - Suricata-Main] 2025-12-25 08:40:39 Notice: suricata: This is Suricata version 7.0.10 RELEASE running in SYSTEM mode
[397 - Suricata-Main] 2025-12-25 08:40:39 Info: cpu: CPUs/cores online: 8
[397 - Suricata-Main] 2025-12-25 08:40:39 Info: suricata: Running suricata under test mode
[397 - Suricata-Main] 2025-12-25 08:40:39 Info: suricata: Setting engine mode to IDS mode by default
[397 - Suricata-Main] 2025-12-25 08:40:39 Info: exception-policy: master exception-policy set to: auto
[397 - Suricata-Main] 2025-12-25 08:40:39 Info: logopenfile: fast output device (regular) initialized: fast.log
[397 - Suricata-Main] 2025-12-25 08:40:39 Info: logopenfile: eve-log output device (regular) initialized: eve.json
[397 - Suricata-Main] 2025-12-25 08:40:39 Info: logopenfile: stats output device (regular) initialized: stats.log
[397 - Suricata-Main] 2025-12-25 08:40:44 Error: detect-parse: bad option value formatting (possible missing semicolon) for keyword pcre: '"/'\s*'
[397 - Suricata-Main] 2025-12-25 08:40:44 Error: detect: error parsing signature "alert http any any -> any any (msg:"SQL Injection - Batch Execution"; flow:established,to_server; content:"|27 3B|"; pcre:"/'\s*;\s*[A-Z]+/i"; classtype:web-application-attack; sid:1000013; rev:1;)" from file /etc/suricata/rules/custom.rules at line 39
[397 - Suricata-Main] 2025-12-25 08:40:44 Info: detect: 2 rule files processed. 47311 rules successfully loaded, 1 rules failed, 0
[397 - Suricata-Main] 2025-12-25 08:40:44 Error: suricata: Loading signatures failed.
[421 - Suricata-Main] 2025-12-25 08:42:12 Notice: suricata: This is Suricata version 7.0.10 RELEASE running in SYSTEM mode
[421 - Suricata-Main] 2025-12-25 08:42:12 Info: cpu: CPUs/cores online: 8
[421 - Suricata-Main] 2025-12-25 08:42:12 Info: suricata: Running suricata under test mode
[421 - Suricata-Main] 2025-12-25 08:42:12 Info: suricata: Setting engine mode to IDS mode by default
[421 - Suricata-Main] 2025-12-25 08:42:12 Info: exception-policy: master exception-policy set to: auto
[421 - Suricata-Main] 2025-12-25 08:42:12 Info: logopenfile: fast output device (regular) initialized: fast.log
[421 - Suricata-Main] 2025-12-25 08:42:12 Info: logopenfile: eve-log output device (regular) initialized: eve.json
[421 - Suricata-Main] 2025-12-25 08:42:12 Info: logopenfile: stats output device (regular) initialized: stats.log
[421 - Suricata-Main] 2025-12-25 08:42:17 Info: detect: 2 rule files processed. 47312 rules successfully loaded, 0 rules failed, 0
[421 - Suricata-Main] 2025-12-25 08:42:17 Info: threshold-config: Threshold config parsed: 0 rule(s) found
[421 - Suricata-Main] 2025-12-25 08:42:17 Info: detect: 47315 signatures processed. 1219 are IP-only rules, 4451 are inspecting packet payload, 41412 inspect application layer, 109 are decoder event only
[421 - Suricata-Main] 2025-12-25 08:42:26 Notice: suricata: Configuration provided was successfully loaded. Exiting.
[7 - Suricata-Main] 2025-12-25 09:14:01 Notice: suricata: This is Suricata version 7.0.10 RELEASE running in SYSTEM mode
[7 - Suricata-Main] 2025-12-25 09:14:01 Info: cpu: CPUs/cores online: 8
[7 - Suricata-Main] 2025-12-25 09:14:01 Info: suricata: Setting engine mode to IDS mode by default
[7 - Suricata-Main] 2025-12-25 09:14:01 Info: exception-policy: master exception-policy set to: auto
[7 - Suricata-Main] 2025-12-25 09:14:01 Info: logopenfile: fast output device (regular) initialized: fast.log
[7 - Suricata-Main] 2025-12-25 09:14:01 Info: logopenfile: eve-log output device (regular) initialized: eve.json
[7 - Suricata-Main] 2025-12-25 09:14:01 Info: logopenfile: stats output device (regular) initialized: stats.log
[7 - Suricata-Main] 2025-12-25 09:14:01 Warning: detect: No rule files match the pattern /var/lib/suricata/rules/suricata.rules
[7 - Suricata-Main] 2025-12-25 09:14:01 Info: detect: 2 rule files processed. 15 rules successfully loaded, 0 rules failed, 0
[7 - Suricata-Main] 2025-12-25 09:14:01 Info: threshold-config: Threshold config parsed: 0 rule(s) found
[7 - Suricata-Main] 2025-12-25 09:14:01 Info: detect: 15 signatures processed. 0 are IP-only rules, 15 are inspecting packet payload, 0 inspect application layer, 0 are decoder event only
[7 - Suricata-Main] 2025-12-25 09:14:01 Warning: ioctl: lo: failed to set SIOCETHTOOL ioctl: Operation not supported
[7 - Suricata-Main] 2025-12-25 09:14:01 Warning: af-packet: lo: AF_PACKET tpacket-v3 is recommended for non-inline operation
[7 - Suricata-Main] 2025-12-25 09:14:01 Info: runmodes: lo: creating 8 threads
[7 - Suricata-Main] 2025-12-25 09:14:01 Info: unix-manager: unix socket '/var/run/suricata-command.socket'
[7 - Suricata-Main] 2025-12-25 09:14:02 Notice: threads: Threads created -> W: 8 FM: 1 FR: 1   Engine started.
[7 - Suricata-Main] 2025-12-25 09:22:34 Notice: suricata: Signal Received.  Stopping engine.
[7 - Suricata-Main] 2025-12-25 09:22:34 Info: suricata: time elapsed 513.103s
[7 - Suricata-Main] 2025-12-25 09:22:35 Info: counters: Alerts: 0
[7 - Suricata-Main] 2025-12-25 09:22:35 Notice: device: lo: packets: 388, drops: 0 (0.00%), invalid chksum: 0
[7 - Suricata-Main] 2025-12-25 09:22:35 Warning: ioctl: lo: failed to set SIOCETHTOOL ioctl: Operation not supported
[7 - Suricata-Main] 2025-12-25 09:22:49 Notice: suricata: This is Suricata version 7.0.10 RELEASE running in SYSTEM mode
[7 - Suricata-Main] 2025-12-25 09:22:49 Info: cpu: CPUs/cores online: 8
[7 - Suricata-Main] 2025-12-25 09:22:49 Info: suricata: Setting engine mode to IDS mode by default
[7 - Suricata-Main] 2025-12-25 09:22:49 Info: exception-policy: master exception-policy set to: auto
[7 - Suricata-Main] 2025-12-25 09:22:49 Info: logopenfile: fast output device (regular) initialized: fast.log
[7 - Suricata-Main] 2025-12-25 09:22:49 Info: logopenfile: eve-log output device (regular) initialized: eve.json
[7 - Suricata-Main] 2025-12-25 09:22:49 Info: logopenfile: stats output device (regular) initialized: stats.log
[7 - Suricata-Main] 2025-12-25 09:22:49 Warning: detect: No rule files match the pattern /var/lib/suricata/rules/suricata.rules
[7 - Suricata-Main] 2025-12-25 09:22:49 Info: detect: 2 rule files processed. 15 rules successfully loaded, 0 rules failed, 0
[7 - Suricata-Main] 2025-12-25 09:22:49 Info: threshold-config: Threshold config parsed: 0 rule(s) found
[7 - Suricata-Main] 2025-12-25 09:22:49 Info: detect: 15 signatures processed. 0 are IP-only rules, 15 are inspecting packet payload, 0 inspect application layer, 0 are decoder event only
[7 - Suricata-Main] 2025-12-25 09:22:49 Warning: af-packet: eth0: AF_PACKET tpacket-v3 is recommended for non-inline operation
[7 - Suricata-Main] 2025-12-25 09:22:49 Info: runmodes: eth0: creating 8 threads
[7 - Suricata-Main] 2025-12-25 09:22:49 Info: unix-manager: unix socket '/var/run/suricata-command.socket'
[7 - Suricata-Main] 2025-12-25 09:22:50 Notice: threads: Threads created -> W: 8 FM: 1 FR: 1   Engine started.
[7 - Suricata-Main] 2025-12-25 09:23:59 Notice: suricata: Signal Received.  Stopping engine.
[7 - Suricata-Main] 2025-12-25 09:23:59 Info: suricata: time elapsed 69.924s
[7 - Suricata-Main] 2025-12-25 09:23:59 Info: counters: Alerts: 0
[7 - Suricata-Main] 2025-12-25 09:23:59 Notice: device: eth0: packets: 0, drops: 0 (0.00%), invalid chksum: 0
[7 - Suricata-Main] 2025-12-25 09:26:24 Notice: suricata: This is Suricata version 7.0.10 RELEASE running in SYSTEM mode
[7 - Suricata-Main] 2025-12-25 09:26:24 Info: cpu: CPUs/cores online: 8
[7 - Suricata-Main] 2025-12-25 09:26:24 Info: suricata: Setting engine mode to IDS mode by default
[7 - Suricata-Main] 2025-12-25 09:26:24 Info: exception-policy: master exception-policy set to: auto
[7 - Suricata-Main] 2025-12-25 09:26:24 Info: logopenfile: fast output device (regular) initialized: fast.log
[7 - Suricata-Main] 2025-12-25 09:26:24 Info: logopenfile: eve-log output device (regular) initialized: eve.json
[7 - Suricata-Main] 2025-12-25 09:26:24 Info: logopenfile: stats output device (regular) initialized: stats.log
[7 - Suricata-Main] 2025-12-25 09:26:24 Warning: detect: No rule files match the pattern /var/lib/suricata/rules/suricata.rules
[7 - Suricata-Main] 2025-12-25 09:26:24 Info: detect: 2 rule files processed. 15 rules successfully loaded, 0 rules failed, 0
[7 - Suricata-Main] 2025-12-25 09:26:24 Info: threshold-config: Threshold config parsed: 0 rule(s) found
[7 - Suricata-Main] 2025-12-25 09:26:24 Info: detect: 15 signatures processed. 0 are IP-only rules, 15 are inspecting packet payload, 0 inspect application layer, 0 are decoder event only
[7 - Suricata-Main] 2025-12-25 09:26:24 Warning: af-packet: eth0: AF_PACKET tpacket-v3 is recommended for non-inline operation
[7 - Suricata-Main] 2025-12-25 09:26:24 Info: runmodes: eth0: creating 8 threads
[7 - Suricata-Main] 2025-12-25 09:26:24 Info: unix-manager: unix socket '/var/run/suricata-command.socket'
[7 - Suricata-Main] 2025-12-25 09:26:25 Notice: threads: Threads created -> W: 8 FM: 1 FR: 1   Engine started.
[7 - Suricata-Main] 2025-12-25 09:34:12 Notice: suricata: Signal Received.  Stopping engine.
[7 - Suricata-Main] 2025-12-25 09:34:12 Info: suricata: time elapsed 468.410s
[7 - Suricata-Main] 2025-12-25 09:34:13 Info: counters: Alerts: 0
[7 - Suricata-Main] 2025-12-25 09:34:13 Notice: device: eth0: packets: 14, drops: 0 (0.00%), invalid chksum: 0
[7 - Suricata-Main] 2025-12-25 09:34:39 Notice: suricata: This is Suricata version 7.0.10 RELEASE running in SYSTEM mode
[7 - Suricata-Main] 2025-12-25 09:34:39 Info: cpu: CPUs/cores online: 8
[7 - Suricata-Main] 2025-12-25 09:34:39 Info: suricata: Setting engine mode to IDS mode by default
[7 - Suricata-Main] 2025-12-25 09:34:39 Info: exception-policy: master exception-policy set to: auto
[7 - Suricata-Main] 2025-12-25 09:34:39 Info: logopenfile: fast output device (regular) initialized: fast.log
[7 - Suricata-Main] 2025-12-25 09:34:39 Info: logopenfile: eve-log output device (regular) initialized: eve.json
[7 - Suricata-Main] 2025-12-25 09:34:39 Info: logopenfile: stats output device (regular) initialized: stats.log
[7 - Suricata-Main] 2025-12-25 09:34:39 Warning: detect: No rule files match the pattern /var/lib/suricata/rules/suricata.rules
[7 - Suricata-Main] 2025-12-25 09:34:39 Info: detect: 2 rule files processed. 15 rules successfully loaded, 0 rules failed, 0
[7 - Suricata-Main] 2025-12-25 09:34:39 Info: threshold-config: Threshold config parsed: 0 rule(s) found
[7 - Suricata-Main] 2025-12-25 09:34:39 Info: detect: 15 signatures processed. 0 are IP-only rules, 15 are inspecting packet payload, 0 inspect application layer, 0 are decoder event only
[7 - Suricata-Main] 2025-12-25 09:34:39 Warning: af-packet: eth0: AF_PACKET tpacket-v3 is recommended for non-inline operation
[7 - Suricata-Main] 2025-12-25 09:34:39 Info: runmodes: eth0: creating 8 threads
[7 - Suricata-Main] 2025-12-25 09:34:39 Info: unix-manager: unix socket '/var/run/suricata-command.socket'
[7 - Suricata-Main] 2025-12-25 09:34:40 Notice: threads: Threads created -> W: 8 FM: 1 FR: 1   Engine started.
[7 - Suricata-Main] 2025-12-25 10:04:14 Notice: suricata: Signal Received.  Stopping engine.
[7 - Suricata-Main] 2025-12-25 10:04:15 Info: suricata: time elapsed 1775.551s
[7 - Suricata-Main] 2025-12-25 10:04:16 Info: counters: Alerts: 3
[7 - Suricata-Main] 2025-12-25 10:04:16 Notice: device: eth0: packets: 210, drops: 0 (0.00%), invalid chksum: 0
[7 - Suricata-Main] 2025-12-25 10:04:19 Notice: suricata: This is Suricata version 7.0.10 RELEASE running in SYSTEM mode
[7 - Suricata-Main] 2025-12-25 10:04:19 Info: cpu: CPUs/cores online: 8
[7 - Suricata-Main] 2025-12-25 10:04:19 Info: suricata: Setting engine mode to IDS mode by default
[7 - Suricata-Main] 2025-12-25 10:04:19 Info: exception-policy: master exception-policy set to: auto
[7 - Suricata-Main] 2025-12-25 10:04:19 Info: logopenfile: fast output device (regular) initialized: fast.log
[7 - Suricata-Main] 2025-12-25 10:04:19 Info: logopenfile: eve-log output device (regular) initialized: eve.json
[7 - Suricata-Main] 2025-12-25 10:04:19 Info: logopenfile: stats output device (regular) initialized: stats.log
[7 - Suricata-Main] 2025-12-25 10:04:19 Warning: detect: No rule files match the pattern /var/lib/suricata/rules/suricata.rules
[7 - Suricata-Main] 2025-12-25 10:04:19 Info: detect: 2 rule files processed. 15 rules successfully loaded, 0 rules failed, 0
[7 - Suricata-Main] 2025-12-25 10:04:19 Info: threshold-config: Threshold config parsed: 0 rule(s) found
[7 - Suricata-Main] 2025-12-25 10:04:19 Info: detect: 15 signatures processed. 0 are IP-only rules, 15 are inspecting packet payload, 0 inspect application layer, 0 are decoder event only
[7 - Suricata-Main] 2025-12-25 10:04:20 Warning: af-packet: eth0: AF_PACKET tpacket-v3 is recommended for non-inline operation
[7 - Suricata-Main] 2025-12-25 10:04:20 Info: runmodes: eth0: creating 8 threads
[7 - Suricata-Main] 2025-12-25 10:04:20 Info: unix-manager: unix socket '/var/run/suricata-command.socket'
[7 - Suricata-Main] 2025-12-25 10:04:21 Notice: threads: Threads created -> W: 8 FM: 1 FR: 1   Engine started.
[7 - Suricata-Main] 2025-12-25 10:10:19 Notice: suricata: Signal Received.  Stopping engine.
[7 - Suricata-Main] 2025-12-25 10:10:20 Info: suricata: time elapsed 360.744s
[7 - Suricata-Main] 2025-12-25 10:10:21 Info: counters: Alerts: 0
[7 - Suricata-Main] 2025-12-25 10:10:21 Notice: device: eth0: packets: 46, drops: 0 (0.00%), invalid chksum: 0
[7 - Suricata-Main] 2025-12-25 10:10:24 Notice: suricata: This is Suricata version 7.0.10 RELEASE running in SYSTEM mode
[7 - Suricata-Main] 2025-12-25 10:10:24 Info: cpu: CPUs/cores online: 8
[7 - Suricata-Main] 2025-12-25 10:10:24 Info: suricata: Setting engine mode to IDS mode by default
[7 - Suricata-Main] 2025-12-25 10:10:24 Info: exception-policy: master exception-policy set to: auto
[7 - Suricata-Main] 2025-12-25 10:10:24 Info: logopenfile: fast output device (regular) initialized: fast.log
[7 - Suricata-Main] 2025-12-25 10:10:24 Info: logopenfile: eve-log output device (regular) initialized: eve.json
[7 - Suricata-Main] 2025-12-25 10:10:24 Info: logopenfile: stats output device (regular) initialized: stats.log
[7 - Suricata-Main] 2025-12-25 10:10:24 Warning: detect: No rule files match the pattern /var/lib/suricata/rules/suricata.rules
[7 - Suricata-Main] 2025-12-25 10:10:24 Info: detect: 2 rule files processed. 15 rules successfully loaded, 0 rules failed, 0
[7 - Suricata-Main] 2025-12-25 10:10:24 Info: threshold-config: Threshold config parsed: 0 rule(s) found
[7 - Suricata-Main] 2025-12-25 10:10:24 Info: detect: 15 signatures processed. 0 are IP-only rules, 15 are inspecting packet payload, 0 inspect application layer, 0 are decoder event only
[7 - Suricata-Main] 2025-12-25 10:10:24 Warning: af-packet: eth0: AF_PACKET tpacket-v3 is recommended for non-inline operation
[7 - Suricata-Main] 2025-12-25 10:10:24 Info: runmodes: eth0: creating 8 threads
[7 - Suricata-Main] 2025-12-25 10:10:24 Info: unix-manager: unix socket '/var/run/suricata-command.socket'
[7 - Suricata-Main] 2025-12-25 10:10:25 Notice: threads: Threads created -> W: 8 FM: 1 FR: 1   Engine started.
[7 - Suricata-Main] 2025-12-25 10:20:42 Notice: suricata: Signal Received.  Stopping engine.
[7 - Suricata-Main] 2025-12-25 10:20:43 Info: suricata: time elapsed 618.622s
[7 - Suricata-Main] 2025-12-25 10:20:44 Info: counters: Alerts: 0
[7 - Suricata-Main] 2025-12-25 10:20:44 Notice: device: eth0: packets: 57, drops: 0 (0.00%), invalid chksum: 0
[6 - Suricata-Main] 2025-12-25 10:20:47 Notice: suricata: This is Suricata version 7.0.10 RELEASE running in SYSTEM mode
[6 - Suricata-Main] 2025-12-25 10:20:47 Info: cpu: CPUs/cores online: 8
[6 - Suricata-Main] 2025-12-25 10:20:47 Info: suricata: Setting engine mode to IDS mode by default
[6 - Suricata-Main] 2025-12-25 10:20:47 Info: exception-policy: master exception-policy set to: auto
[6 - Suricata-Main] 2025-12-25 10:20:47 Info: logopenfile: fast output device (regular) initialized: fast.log
[6 - Suricata-Main] 2025-12-25 10:20:47 Info: logopenfile: eve-log output device (regular) initialized: eve.json
[6 - Suricata-Main] 2025-12-25 10:20:47 Info: logopenfile: stats output device (regular) initialized: stats.log
[6 - Suricata-Main] 2025-12-25 10:20:47 Warning: detect: No rule files match the pattern /var/lib/suricata/rules/suricata.rules
[6 - Suricata-Main] 2025-12-25 10:20:47 Info: detect: 2 rule files processed. 15 rules successfully loaded, 0 rules failed, 0
[6 - Suricata-Main] 2025-12-25 10:20:47 Info: threshold-config: Threshold config parsed: 0 rule(s) found
[6 - Suricata-Main] 2025-12-25 10:20:47 Info: detect: 15 signatures processed. 0 are IP-only rules, 15 are inspecting packet payload, 0 inspect application layer, 0 are decoder event only
[6 - Suricata-Main] 2025-12-25 10:20:47 Warning: af-packet: eth0: AF_PACKET tpacket-v3 is recommended for non-inline operation
[6 - Suricata-Main] 2025-12-25 10:20:47 Info: runmodes: eth0: creating 8 threads
[6 - Suricata-Main] 2025-12-25 10:20:47 Info: unix-manager: unix socket '/var/run/suricata-command.socket'
[6 - Suricata-Main] 2025-12-25 10:20:48 Notice: threads: Threads created -> W: 8 FM: 1 FR: 1   Engine started.
[7 - Suricata-Main] 2025-12-25 10:22:53 Notice: suricata: This is Suricata version 7.0.10 RELEASE running in SYSTEM mode
[7 - Suricata-Main] 2025-12-25 10:22:53 Info: cpu: CPUs/cores online: 8
[7 - Suricata-Main] 2025-12-25 10:22:53 Info: suricata: Setting engine mode to IDS mode by default
[7 - Suricata-Main] 2025-12-25 10:22:53 Info: exception-policy: master exception-policy set to: auto
[7 - Suricata-Main] 2025-12-25 10:22:53 Info: logopenfile: fast output device (regular) initialized: fast.log
[7 - Suricata-Main] 2025-12-25 10:22:53 Info: logopenfile: eve-log output device (regular) initialized: eve.json
[7 - Suricata-Main] 2025-12-25 10:22:53 Info: logopenfile: stats output device (regular) initialized: stats.log
[7 - Suricata-Main] 2025-12-25 10:22:53 Warning: detect: No rule files match the pattern /var/lib/suricata/rules/suricata.rules
[7 - Suricata-Main] 2025-12-25 10:22:53 Info: detect: 2 rule files processed. 15 rules successfully loaded, 0 rules failed, 0
[7 - Suricata-Main] 2025-12-25 10:22:53 Info: threshold-config: Threshold config parsed: 0 rule(s) found
[7 - Suricata-Main] 2025-12-25 10:22:53 Info: detect: 15 signatures processed. 0 are IP-only rules, 15 are inspecting packet payload, 0 inspect application layer, 0 are decoder event only
[7 - Suricata-Main] 2025-12-25 10:22:54 Warning: af-packet: eth0: AF_PACKET tpacket-v3 is recommended for non-inline operation
[7 - Suricata-Main] 2025-12-25 10:22:54 Info: runmodes: eth0: creating 8 threads
[7 - Suricata-Main] 2025-12-25 10:22:54 Info: unix-manager: unix socket '/var/run/suricata-command.socket'
[7 - Suricata-Main] 2025-12-25 10:22:55 Notice: threads: Threads created -> W: 8 FM: 1 FR: 1   Engine started.
[7 - Suricata-Main] 2025-12-25 10:27:32 Notice: suricata: Signal Received.  Stopping engine.
[7 - Suricata-Main] 2025-12-25 10:27:32 Info: suricata: time elapsed 279.038s
[7 - Suricata-Main] 2025-12-25 10:27:33 Info: counters: Alerts: 0
[7 - Suricata-Main] 2025-12-25 10:27:33 Notice: device: eth0: packets: 40, drops: 0 (0.00%), invalid chksum: 0
[7 - Suricata-Main] 2025-12-25 10:27:36 Notice: suricata: This is Suricata version 7.0.10 RELEASE running in SYSTEM mode
[7 - Suricata-Main] 2025-12-25 10:27:36 Info: cpu: CPUs/cores online: 8
[7 - Suricata-Main] 2025-12-25 10:27:36 Info: suricata: Setting engine mode to IDS mode by default
[7 - Suricata-Main] 2025-12-25 10:27:36 Info: exception-policy: master exception-policy set to: auto
[7 - Suricata-Main] 2025-12-25 10:27:36 Info: logopenfile: fast output device (regular) initialized: fast.log
[7 - Suricata-Main] 2025-12-25 10:27:36 Info: logopenfile: eve-log output device (regular) initialized: eve.json
[7 - Suricata-Main] 2025-12-25 10:27:36 Info: logopenfile: stats output device (regular) initialized: stats.log
[7 - Suricata-Main] 2025-12-25 10:27:36 Warning: detect: No rule files match the pattern /var/lib/suricata/rules/suricata.rules
[7 - Suricata-Main] 2025-12-25 10:27:36 Info: detect: 2 rule files processed. 15 rules successfully loaded, 0 rules failed, 0
[7 - Suricata-Main] 2025-12-25 10:27:36 Info: threshold-config: Threshold config parsed: 0 rule(s) found
[7 - Suricata-Main] 2025-12-25 10:27:36 Info: detect: 15 signatures processed. 0 are IP-only rules, 15 are inspecting packet payload, 0 inspect application layer, 0 are decoder event only
[7 - Suricata-Main] 2025-12-25 10:27:37 Warning: af-packet: eth0: AF_PACKET tpacket-v3 is recommended for non-inline operation
[7 - Suricata-Main] 2025-12-25 10:27:37 Info: runmodes: eth0: creating 8 threads
[7 - Suricata-Main] 2025-12-25 10:27:37 Info: unix-manager: unix socket '/var/run/suricata-command.socket'
[7 - Suricata-Main] 2025-12-25 10:27:38 Notice: threads: Threads created -> W: 8 FM: 1 FR: 1   Engine started.
[7 - Suricata-Main] 2025-12-25 10:39:28 Notice: suricata: Signal Received.  Stopping engine.
[7 - Suricata-Main] 2025-12-25 10:39:28 Info: suricata: time elapsed 711.425s
[7 - Suricata-Main] 2025-12-25 10:39:29 Info: counters: Alerts: 0
[7 - Suricata-Main] 2025-12-25 10:39:29 Notice: device: eth0: packets: 57, drops: 0 (0.00%), invalid chksum: 0
[7 - Suricata-Main] 2025-12-25 10:39:46 Notice: suricata: This is Suricata version 7.0.10 RELEASE running in SYSTEM mode
[7 - Suricata-Main] 2025-12-25 10:39:46 Info: cpu: CPUs/cores online: 8
[7 - Suricata-Main] 2025-12-25 10:39:46 Info: suricata: Setting engine mode to IDS mode by default
[7 - Suricata-Main] 2025-12-25 10:39:46 Info: exception-policy: master exception-policy set to: auto
[7 - Suricata-Main] 2025-12-25 10:39:46 Info: logopenfile: fast output device (regular) initialized: fast.log
[7 - Suricata-Main] 2025-12-25 10:39:46 Info: logopenfile: eve-log output device (regular) initialized: eve.json
[7 - Suricata-Main] 2025-12-25 10:39:46 Info: logopenfile: stats output device (regular) initialized: stats.log
[7 - Suricata-Main] 2025-12-25 10:39:46 Warning: detect: No rule files match the pattern /var/lib/suricata/rules/suricata.rules
[7 - Suricata-Main] 2025-12-25 10:39:46 Info: detect: 2 rule files processed. 15 rules successfully loaded, 0 rules failed, 0
[7 - Suricata-Main] 2025-12-25 10:39:46 Info: threshold-config: Threshold config parsed: 0 rule(s) found
[7 - Suricata-Main] 2025-12-25 10:39:46 Info: detect: 15 signatures processed. 0 are IP-only rules, 15 are inspecting packet payload, 0 inspect application layer, 0 are decoder event only
[7 - Suricata-Main] 2025-12-25 10:39:46 Warning: af-packet: eth0: AF_PACKET tpacket-v3 is recommended for non-inline operation
[7 - Suricata-Main] 2025-12-25 10:39:46 Info: runmodes: eth0: creating 8 threads
[7 - Suricata-Main] 2025-12-25 10:39:46 Info: unix-manager: unix socket '/var/run/suricata-command.socket'
[7 - Suricata-Main] 2025-12-25 10:39:47 Notice: threads: Threads created -> W: 8 FM: 1 FR: 1   Engine started.
[7 - Suricata-Main] 2025-12-25 10:40:01 Notice: suricata: Signal Received.  Stopping engine.
[7 - Suricata-Main] 2025-12-25 10:40:01 Info: suricata: time elapsed 15.096s
[7 - Suricata-Main] 2025-12-25 10:40:02 Info: counters: Alerts: 0
[7 - Suricata-Main] 2025-12-25 10:40:02 Notice: device: eth0: packets: 31, drops: 0 (0.00%), invalid chksum: 0
[6 - Suricata-Main] 2025-12-25 10:40:07 Notice: suricata: This is Suricata version 7.0.10 RELEASE running in SYSTEM mode
[6 - Suricata-Main] 2025-12-25 10:40:07 Info: cpu: CPUs/cores online: 8
[6 - Suricata-Main] 2025-12-25 10:40:07 Info: suricata: Setting engine mode to IDS mode by default
[6 - Suricata-Main] 2025-12-25 10:40:07 Info: exception-policy: master exception-policy set to: auto
[6 - Suricata-Main] 2025-12-25 10:40:07 Info: logopenfile: fast output device (regular) initialized: fast.log
[6 - Suricata-Main] 2025-12-25 10:40:07 Info: logopenfile: eve-log output device (regular) initialized: eve.json
[6 - Suricata-Main] 2025-12-25 10:40:07 Info: logopenfile: stats output device (regular) initialized: stats.log
[6 - Suricata-Main] 2025-12-25 10:40:07 Warning: detect: No rule files match the pattern /var/lib/suricata/rules/suricata.rules
[6 - Suricata-Main] 2025-12-25 10:40:07 Info: detect: 2 rule files processed. 15 rules successfully loaded, 0 rules failed, 0
[6 - Suricata-Main] 2025-12-25 10:40:07 Info: threshold-config: Threshold config parsed: 0 rule(s) found
[6 - Suricata-Main] 2025-12-25 10:40:07 Info: detect: 15 signatures processed. 0 are IP-only rules, 15 are inspecting packet payload, 0 inspect application layer, 0 are decoder event only
[6 - Suricata-Main] 2025-12-25 10:40:07 Warning: af-packet: eth0: AF_PACKET tpacket-v3 is recommended for non-inline operation
[6 - Suricata-Main] 2025-12-25 10:40:07 Info: runmodes: eth0: creating 8 threads
[6 - Suricata-Main] 2025-12-25 10:40:07 Info: unix-manager: unix socket '/var/run/suricata-command.socket'
[6 - Suricata-Main] 2025-12-25 10:40:08 Notice: threads: Threads created -> W: 8 FM: 1 FR: 1   Engine started.
[6 - Suricata-Main] 2025-12-25 11:00:30 Notice: suricata: Signal Received.  Stopping engine.
[6 - Suricata-Main] 2025-12-25 11:00:31 Info: suricata: time elapsed 1224.280s
[6 - Suricata-Main] 2025-12-25 11:00:32 Info: counters: Alerts: 0
[6 - Suricata-Main] 2025-12-25 11:00:32 Notice: device: eth0: packets: 211, drops: 0 (0.00%), invalid chksum: 0
[7 - Suricata-Main] 2025-12-25 11:00:41 Notice: suricata: This is Suricata version 7.0.10 RELEASE running in SYSTEM mode
[7 - Suricata-Main] 2025-12-25 11:00:41 Info: cpu: CPUs/cores online: 8
[7 - Suricata-Main] 2025-12-25 11:00:41 Info: suricata: Setting engine mode to IDS mode by default
[7 - Suricata-Main] 2025-12-25 11:00:41 Info: exception-policy: master exception-policy set to: auto
[7 - Suricata-Main] 2025-12-25 11:00:41 Info: logopenfile: fast output device (regular) initialized: fast.log
[7 - Suricata-Main] 2025-12-25 11:00:41 Info: logopenfile: eve-log output device (regular) initialized: eve.json
[7 - Suricata-Main] 2025-12-25 11:00:41 Info: logopenfile: stats output device (regular) initialized: stats.log
[7 - Suricata-Main] 2025-12-25 11:00:41 Warning: detect: No rule files match the pattern /var/lib/suricata/rules/suricata.rules
[7 - Suricata-Main] 2025-12-25 11:00:41 Info: detect: 2 rule files processed. 15 rules successfully loaded, 0 rules failed, 0
[7 - Suricata-Main] 2025-12-25 11:00:41 Info: threshold-config: Threshold config parsed: 0 rule(s) found
[7 - Suricata-Main] 2025-12-25 11:00:41 Info: detect: 15 signatures processed. 0 are IP-only rules, 15 are inspecting packet payload, 0 inspect application layer, 0 are decoder event only
[7 - Suricata-Main] 2025-12-25 11:00:41 Warning: af-packet: eth0: AF_PACKET tpacket-v3 is recommended for non-inline operation
[7 - Suricata-Main] 2025-12-25 11:00:41 Info: runmodes: eth0: creating 8 threads
[7 - Suricata-Main] 2025-12-25 11:00:41 Info: unix-manager: unix socket '/var/run/suricata-command.socket'
[7 - Suricata-Main] 2025-12-25 11:00:42 Notice: threads: Threads created -> W: 8 FM: 1 FR: 1   Engine started.
[7 - Suricata-Main] 2025-12-25 11:06:11 Notice: suricata: Signal Received.  Stopping engine.
[7 - Suricata-Main] 2025-12-25 11:06:12 Info: suricata: time elapsed 330.775s
[7 - Suricata-Main] 2025-12-25 11:06:13 Info: counters: Alerts: 0
[7 - Suricata-Main] 2025-12-25 11:06:13 Notice: device: eth0: packets: 122, drops: 0 (0.00%), invalid chksum: 0
[8 - Suricata-Main] 2025-12-25 11:06:23 Notice: suricata: This is Suricata version 7.0.10 RELEASE running in SYSTEM mode
[8 - Suricata-Main] 2025-12-25 11:06:23 Info: cpu: CPUs/cores online: 8
[8 - Suricata-Main] 2025-12-25 11:06:23 Info: suricata: Setting engine mode to IDS mode by default
[8 - Suricata-Main] 2025-12-25 11:06:23 Info: exception-policy: master exception-policy set to: auto
[8 - Suricata-Main] 2025-12-25 11:06:23 Info: logopenfile: fast output device (regular) initialized: fast.log
[8 - Suricata-Main] 2025-12-25 11:06:23 Info: logopenfile: eve-log output device (regular) initialized: eve.json
[8 - Suricata-Main] 2025-12-25 11:06:23 Info: logopenfile: stats output device (regular) initialized: stats.log
[8 - Suricata-Main] 2025-12-25 11:06:23 Warning: detect: No rule files match the pattern /var/lib/suricata/rules/suricata.rules
[8 - Suricata-Main] 2025-12-25 11:06:23 Info: detect: 2 rule files processed. 15 rules successfully loaded, 0 rules failed, 0
[8 - Suricata-Main] 2025-12-25 11:06:23 Info: threshold-config: Threshold config parsed: 0 rule(s) found
[8 - Suricata-Main] 2025-12-25 11:06:23 Info: detect: 15 signatures processed. 0 are IP-only rules, 15 are inspecting packet payload, 0 inspect application layer, 0 are decoder event only
[8 - Suricata-Main] 2025-12-25 11:06:24 Warning: af-packet: eth0: AF_PACKET tpacket-v3 is recommended for non-inline operation
[8 - Suricata-Main] 2025-12-25 11:06:24 Info: runmodes: eth0: creating 8 threads
[8 - Suricata-Main] 2025-12-25 11:06:24 Info: unix-manager: unix socket '/var/run/suricata-command.socket'
[8 - Suricata-Main] 2025-12-25 11:06:25 Notice: threads: Threads created -> W: 8 FM: 1 FR: 1   Engine started.
[8 - Suricata-Main] 2025-12-25 11:06:25 Notice: suricata: Signal Received.  Stopping engine.
[8 - Suricata-Main] 2025-12-25 11:06:25 Info: suricata: time elapsed 1.221s
[8 - Suricata-Main] 2025-12-25 11:06:26 Info: counters: Alerts: 0
[8 - Suricata-Main] 2025-12-25 11:06:26 Notice: device: eth0: packets: 1, drops: 0 (0.00%), invalid chksum: 0
[7 - Suricata-Main] 2025-12-25 11:06:37 Notice: suricata: This is Suricata version 7.0.10 RELEASE running in SYSTEM mode
[7 - Suricata-Main] 2025-12-25 11:06:37 Info: cpu: CPUs/cores online: 8
[7 - Suricata-Main] 2025-12-25 11:06:37 Info: suricata: Setting engine mode to IDS mode by default
[7 - Suricata-Main] 2025-12-25 11:06:37 Info: exception-policy: master exception-policy set to: auto
[7 - Suricata-Main] 2025-12-25 11:06:37 Info: logopenfile: fast output device (regular) initialized: fast.log
[7 - Suricata-Main] 2025-12-25 11:06:37 Info: logopenfile: eve-log output device (regular) initialized: eve.json
[7 - Suricata-Main] 2025-12-25 11:06:37 Info: logopenfile: stats output device (regular) initialized: stats.log
[7 - Suricata-Main] 2025-12-25 11:06:37 Warning: detect: No rule files match the pattern /var/lib/suricata/rules/suricata.rules
[7 - Suricata-Main] 2025-12-25 11:06:37 Info: detect: 2 rule files processed. 15 rules successfully loaded, 0 rules failed, 0
[7 - Suricata-Main] 2025-12-25 11:06:37 Info: threshold-config: Threshold config parsed: 0 rule(s) found
[7 - Suricata-Main] 2025-12-25 11:06:37 Info: detect: 15 signatures processed. 0 are IP-only rules, 15 are inspecting packet payload, 0 inspect application layer, 0 are decoder event only
[7 - Suricata-Main] 2025-12-25 11:06:37 Warning: af-packet: eth0: AF_PACKET tpacket-v3 is recommended for non-inline operation
[7 - Suricata-Main] 2025-12-25 11:06:37 Info: runmodes: eth0: creating 8 threads
[7 - Suricata-Main] 2025-12-25 11:06:37 Info: unix-manager: unix socket '/var/run/suricata-command.socket'
[7 - Suricata-Main] 2025-12-25 11:06:38 Notice: threads: Threads created -> W: 8 FM: 1 FR: 1   Engine started.
[7 - Suricata-Main] 2025-12-25 11:07:06 Notice: suricata: Signal Received.  Stopping engine.
[7 - Suricata-Main] 2025-12-25 11:07:07 Info: suricata: time elapsed 30.015s
[7 - Suricata-Main] 2025-12-25 11:07:08 Info: counters: Alerts: 0
[7 - Suricata-Main] 2025-12-25 11:07:08 Notice: device: eth0: packets: 13, drops: 0 (0.00%), invalid chksum: 0
[7 - Suricata-Main] 2025-12-25 11:07:14 Notice: suricata: This is Suricata version 7.0.10 RELEASE running in SYSTEM mode
[7 - Suricata-Main] 2025-12-25 11:07:14 Info: cpu: CPUs/cores online: 8
[7 - Suricata-Main] 2025-12-25 11:07:14 Info: suricata: Setting engine mode to IDS mode by default
[7 - Suricata-Main] 2025-12-25 11:07:14 Info: exception-policy: master exception-policy set to: auto
[7 - Suricata-Main] 2025-12-25 11:07:14 Info: logopenfile: fast output device (regular) initialized: fast.log
[7 - Suricata-Main] 2025-12-25 11:07:14 Info: logopenfile: eve-log output device (regular) initialized: eve.json
[7 - Suricata-Main] 2025-12-25 11:07:14 Info: logopenfile: stats output device (regular) initialized: stats.log
[7 - Suricata-Main] 2025-12-25 11:07:14 Warning: detect: No rule files match the pattern /var/lib/suricata/rules/suricata.rules
[7 - Suricata-Main] 2025-12-25 11:07:14 Info: detect: 2 rule files processed. 15 rules successfully loaded, 0 rules failed, 0
[7 - Suricata-Main] 2025-12-25 11:07:14 Info: threshold-config: Threshold config parsed: 0 rule(s) found
[7 - Suricata-Main] 2025-12-25 11:07:14 Info: detect: 15 signatures processed. 0 are IP-only rules, 15 are inspecting packet payload, 0 inspect application layer, 0 are decoder event only
[7 - Suricata-Main] 2025-12-25 11:07:14 Warning: af-packet: eth0: AF_PACKET tpacket-v3 is recommended for non-inline operation
[7 - Suricata-Main] 2025-12-25 11:07:14 Info: runmodes: eth0: creating 8 threads
[7 - Suricata-Main] 2025-12-25 11:07:14 Info: unix-manager: unix socket '/var/run/suricata-command.socket'
[7 - Suricata-Main] 2025-12-25 11:07:16 Notice: threads: Threads created -> W: 8 FM: 1 FR: 1   Engine started.
[7 - Suricata-Main] 2025-12-25 11:08:43 Notice: suricata: Signal Received.  Stopping engine.
[7 - Suricata-Main] 2025-12-25 11:08:43 Info: suricata: time elapsed 88.797s
[7 - Suricata-Main] 2025-12-25 11:08:44 Info: counters: Alerts: 0
[7 - Suricata-Main] 2025-12-25 11:08:44 Notice: device: eth0: packets: 65, drops: 0 (0.00%), invalid chksum: 0
[7 - Suricata-Main] 2025-12-25 11:09:01 Notice: suricata: This is Suricata version 7.0.10 RELEASE running in SYSTEM mode
[7 - Suricata-Main] 2025-12-25 11:09:01 Info: cpu: CPUs/cores online: 8
[7 - Suricata-Main] 2025-12-25 11:09:01 Info: suricata: Setting engine mode to IDS mode by default
[7 - Suricata-Main] 2025-12-25 11:09:01 Info: exception-policy: master exception-policy set to: auto
[7 - Suricata-Main] 2025-12-25 11:09:01 Info: logopenfile: fast output device (regular) initialized: fast.log
[7 - Suricata-Main] 2025-12-25 11:09:01 Info: logopenfile: eve-log output device (regular) initialized: eve.json
[7 - Suricata-Main] 2025-12-25 11:09:01 Info: logopenfile: stats output device (regular) initialized: stats.log
[7 - Suricata-Main] 2025-12-25 11:09:01 Warning: detect: No rule files match the pattern /var/lib/suricata/rules/suricata.rules
[7 - Suricata-Main] 2025-12-25 11:09:01 Info: detect: 2 rule files processed. 15 rules successfully loaded, 0 rules failed, 0
[7 - Suricata-Main] 2025-12-25 11:09:01 Info: threshold-config: Threshold config parsed: 0 rule(s) found
[7 - Suricata-Main] 2025-12-25 11:09:01 Info: detect: 15 signatures processed. 0 are IP-only rules, 15 are inspecting packet payload, 0 inspect application layer, 0 are decoder event only
[7 - Suricata-Main] 2025-12-25 11:09:01 Warning: af-packet: eth0: AF_PACKET tpacket-v3 is recommended for non-inline operation
[7 - Suricata-Main] 2025-12-25 11:09:01 Info: runmodes: eth0: creating 8 threads
[7 - Suricata-Main] 2025-12-25 11:09:01 Info: unix-manager: unix socket '/var/run/suricata-command.socket'
[7 - Suricata-Main] 2025-12-25 11:09:02 Notice: threads: Threads created -> W: 8 FM: 1 FR: 1   Engine started.
[7 - Suricata-Main] 2025-12-25 11:09:35 Notice: suricata: Signal Received.  Stopping engine.
[7 - Suricata-Main] 2025-12-25 11:09:36 Info: suricata: time elapsed 34.978s
[7 - Suricata-Main] 2025-12-25 11:09:37 Info: counters: Alerts: 0
[7 - Suricata-Main] 2025-12-25 11:09:37 Notice: device: eth0: packets: 101, drops: 0 (0.00%), invalid chksum: 0
[7 - Suricata-Main] 2025-12-25 11:09:47 Notice: suricata: This is Suricata version 7.0.10 RELEASE running in SYSTEM mode
[7 - Suricata-Main] 2025-12-25 11:09:47 Info: cpu: CPUs/cores online: 8
[7 - Suricata-Main] 2025-12-25 11:09:47 Info: suricata: Setting engine mode to IDS mode by default
[7 - Suricata-Main] 2025-12-25 11:09:47 Info: exception-policy: master exception-policy set to: auto
[7 - Suricata-Main] 2025-12-25 11:09:47 Info: logopenfile: fast output device (regular) initialized: fast.log
[7 - Suricata-Main] 2025-12-25 11:09:47 Info: logopenfile: eve-log output device (regular) initialized: eve.json
[7 - Suricata-Main] 2025-12-25 11:09:47 Info: logopenfile: stats output device (regular) initialized: stats.log
[7 - Suricata-Main] 2025-12-25 11:09:47 Warning: detect: No rule files match the pattern /var/lib/suricata/rules/suricata.rules
[7 - Suricata-Main] 2025-12-25 11:09:47 Info: detect: 2 rule files processed. 15 rules successfully loaded, 0 rules failed, 0
[7 - Suricata-Main] 2025-12-25 11:09:47 Info: threshold-config: Threshold config parsed: 0 rule(s) found
[7 - Suricata-Main] 2025-12-25 11:09:47 Info: detect: 15 signatures processed. 0 are IP-only rules, 15 are inspecting packet payload, 0 inspect application layer, 0 are decoder event only
[7 - Suricata-Main] 2025-12-25 11:09:47 Warning: af-packet: eth0: AF_PACKET tpacket-v3 is recommended for non-inline operation
[7 - Suricata-Main] 2025-12-25 11:09:47 Info: runmodes: eth0: creating 8 threads
[7 - Suricata-Main] 2025-12-25 11:09:47 Info: unix-manager: unix socket '/var/run/suricata-command.socket'
[7 - Suricata-Main] 2025-12-25 11:09:48 Notice: threads: Threads created -> W: 8 FM: 1 FR: 1   Engine started.
[7 - Suricata-Main] 2025-12-25 11:34:13 Notice: suricata: Signal Received.  Stopping engine.
[7 - Suricata-Main] 2025-12-25 11:34:13 Info: suricata: time elapsed 1465.953s
[7 - Suricata-Main] 2025-12-25 11:34:14 Info: counters: Alerts: 0
[7 - Suricata-Main] 2025-12-25 11:34:14 Notice: device: eth0: packets: 396, drops: 0 (0.00%), invalid chksum: 0
[7 - Suricata-Main] 2025-12-25 11:37:11 Notice: suricata: This is Suricata version 7.0.10 RELEASE running in SYSTEM mode
[7 - Suricata-Main] 2025-12-25 11:37:11 Info: cpu: CPUs/cores online: 8
[7 - Suricata-Main] 2025-12-25 11:37:11 Info: suricata: Setting engine mode to IDS mode by default
[7 - Suricata-Main] 2025-12-25 11:37:11 Info: exception-policy: master exception-policy set to: auto
[7 - Suricata-Main] 2025-12-25 11:37:11 Info: logopenfile: fast output device (regular) initialized: fast.log
[7 - Suricata-Main] 2025-12-25 11:37:11 Info: logopenfile: eve-log output device (regular) initialized: eve.json
[7 - Suricata-Main] 2025-12-25 11:37:11 Info: logopenfile: stats output device (regular) initialized: stats.log
[7 - Suricata-Main] 2025-12-25 11:37:11 Warning: detect: No rule files match the pattern /var/lib/suricata/rules/suricata.rules
[7 - Suricata-Main] 2025-12-25 11:37:11 Info: detect: 2 rule files processed. 15 rules successfully loaded, 0 rules failed, 0
[7 - Suricata-Main] 2025-12-25 11:37:11 Info: threshold-config: Threshold config parsed: 0 rule(s) found
[7 - Suricata-Main] 2025-12-25 11:37:11 Info: detect: 15 signatures processed. 0 are IP-only rules, 15 are inspecting packet payload, 0 inspect application layer, 0 are decoder event only
[7 - Suricata-Main] 2025-12-25 11:37:11 Warning: af-packet: eth0: AF_PACKET tpacket-v3 is recommended for non-inline operation
[7 - Suricata-Main] 2025-12-25 11:37:11 Info: runmodes: eth0: creating 8 threads
[7 - Suricata-Main] 2025-12-25 11:37:11 Info: unix-manager: unix socket '/var/run/suricata-command.socket'
[7 - Suricata-Main] 2025-12-25 11:37:12 Notice: threads: Threads created -> W: 8 FM: 1 FR: 1   Engine started.
[7 - Suricata-Main] 2025-12-25 11:40:00 Notice: suricata: Signal Received.  Stopping engine.
[7 - Suricata-Main] 2025-12-25 11:40:01 Info: suricata: time elapsed 169.436s
[7 - Suricata-Main] 2025-12-25 11:40:02 Info: counters: Alerts: 0
[7 - Suricata-Main] 2025-12-25 11:40:02 Notice: device: eth0: packets: 1878, drops: 0 (0.00%), invalid chksum: 0
[7 - Suricata-Main] 2025-12-25 11:40:05 Notice: suricata: This is Suricata version 7.0.10 RELEASE running in SYSTEM mode
[7 - Suricata-Main] 2025-12-25 11:40:05 Info: cpu: CPUs/cores online: 8
[7 - Suricata-Main] 2025-12-25 11:40:05 Info: suricata: Setting engine mode to IDS mode by default
[7 - Suricata-Main] 2025-12-25 11:40:05 Info: exception-policy: master exception-policy set to: auto
[7 - Suricata-Main] 2025-12-25 11:40:05 Info: logopenfile: fast output device (regular) initialized: fast.log
[7 - Suricata-Main] 2025-12-25 11:40:05 Info: logopenfile: eve-log output device (regular) initialized: eve.json
[7 - Suricata-Main] 2025-12-25 11:40:05 Info: logopenfile: stats output device (regular) initialized: stats.log
[7 - Suricata-Main] 2025-12-25 11:40:05 Warning: detect: No rule files match the pattern /var/lib/suricata/rules/suricata.rules
[7 - Suricata-Main] 2025-12-25 11:40:05 Info: detect: 2 rule files processed. 15 rules successfully loaded, 0 rules failed, 0
[7 - Suricata-Main] 2025-12-25 11:40:05 Info: threshold-config: Threshold config parsed: 0 rule(s) found
[7 - Suricata-Main] 2025-12-25 11:40:05 Info: detect: 15 signatures processed. 0 are IP-only rules, 15 are inspecting packet payload, 0 inspect application layer, 0 are decoder event only
[7 - Suricata-Main] 2025-12-25 11:40:05 Warning: af-packet: eth0: AF_PACKET tpacket-v3 is recommended for non-inline operation
[7 - Suricata-Main] 2025-12-25 11:40:05 Info: runmodes: eth0: creating 8 threads
[7 - Suricata-Main] 2025-12-25 11:40:05 Info: unix-manager: unix socket '/var/run/suricata-command.socket'
[7 - Suricata-Main] 2025-12-25 11:40:06 Notice: threads: Threads created -> W: 8 FM: 1 FR: 1   Engine started.
[7 - Suricata-Main] 2025-12-25 11:41:21 Notice: suricata: Signal Received.  Stopping engine.
[7 - Suricata-Main] 2025-12-25 11:41:22 Info: suricata: time elapsed 76.928s
[7 - Suricata-Main] 2025-12-25 11:41:23 Info: counters: Alerts: 0
[7 - Suricata-Main] 2025-12-25 11:41:23 Notice: device: eth0: packets: 1084, drops: 0 (0.00%), invalid chksum: 0
[7 - Suricata-Main] 2025-12-25 11:42:55 Notice: suricata: This is Suricata version 7.0.10 RELEASE running in SYSTEM mode
[7 - Suricata-Main] 2025-12-25 11:42:55 Info: cpu: CPUs/cores online: 8
[7 - Suricata-Main] 2025-12-25 11:42:55 Info: suricata: Setting engine mode to IDS mode by default
[7 - Suricata-Main] 2025-12-25 11:42:55 Info: exception-policy: master exception-policy set to: auto
[7 - Suricata-Main] 2025-12-25 11:42:55 Info: logopenfile: fast output device (regular) initialized: fast.log
[7 - Suricata-Main] 2025-12-25 11:42:55 Info: logopenfile: eve-log output device (regular) initialized: eve.json
[7 - Suricata-Main] 2025-12-25 11:42:55 Info: logopenfile: stats output device (regular) initialized: stats.log
[7 - Suricata-Main] 2025-12-25 11:42:55 Warning: detect: No rule files match the pattern /var/lib/suricata/rules/suricata.rules
[7 - Suricata-Main] 2025-12-25 11:42:55 Info: detect: 2 rule files processed. 15 rules successfully loaded, 0 rules failed, 0
[7 - Suricata-Main] 2025-12-25 11:42:55 Info: threshold-config: Threshold config parsed: 0 rule(s) found
[7 - Suricata-Main] 2025-12-25 11:42:55 Info: detect: 15 signatures processed. 0 are IP-only rules, 15 are inspecting packet payload, 0 inspect application layer, 0 are decoder event only
[7 - Suricata-Main] 2025-12-25 11:42:55 Warning: af-packet: eth0: AF_PACKET tpacket-v3 is recommended for non-inline operation
[7 - Suricata-Main] 2025-12-25 11:42:55 Info: runmodes: eth0: creating 8 threads
[7 - Suricata-Main] 2025-12-25 11:42:55 Info: unix-manager: unix socket '/var/run/suricata-command.socket'
[7 - Suricata-Main] 2025-12-25 11:42:56 Notice: threads: Threads created -> W: 8 FM: 1 FR: 1   Engine started.
[7 - Suricata-Main] 2025-12-25 11:44:04 Notice: suricata: Signal Received.  Stopping engine.
[7 - Suricata-Main] 2025-12-25 11:44:05 Info: suricata: time elapsed 69.913s
[7 - Suricata-Main] 2025-12-25 11:44:06 Info: counters: Alerts: 0
[7 - Suricata-Main] 2025-12-25 11:44:06 Notice: device: eth0: packets: 617, drops: 0 (0.00%), invalid chksum: 0
[7 - Suricata-Main] 2025-12-25 11:44:10 Notice: suricata: This is Suricata version 7.0.10 RELEASE running in SYSTEM mode
[7 - Suricata-Main] 2025-12-25 11:44:10 Info: cpu: CPUs/cores online: 8
[7 - Suricata-Main] 2025-12-25 11:44:10 Info: suricata: Setting engine mode to IDS mode by default
[7 - Suricata-Main] 2025-12-25 11:44:10 Info: exception-policy: master exception-policy set to: auto
[7 - Suricata-Main] 2025-12-25 11:44:10 Info: logopenfile: fast output device (regular) initialized: fast.log
[7 - Suricata-Main] 2025-12-25 11:44:10 Info: logopenfile: eve-log output device (regular) initialized: eve.json
[7 - Suricata-Main] 2025-12-25 11:44:10 Info: logopenfile: stats output device (regular) initialized: stats.log
[7 - Suricata-Main] 2025-12-25 11:44:10 Warning: detect: No rule files match the pattern /var/lib/suricata/rules/suricata.rules
[7 - Suricata-Main] 2025-12-25 11:44:10 Info: detect: 2 rule files processed. 15 rules successfully loaded, 0 rules failed, 0
[7 - Suricata-Main] 2025-12-25 11:44:10 Info: threshold-config: Threshold config parsed: 0 rule(s) found
[7 - Suricata-Main] 2025-12-25 11:44:10 Info: detect: 15 signatures processed. 0 are IP-only rules, 15 are inspecting packet payload, 0 inspect application layer, 0 are decoder event only
[7 - Suricata-Main] 2025-12-25 11:44:10 Warning: af-packet: eth0: AF_PACKET tpacket-v3 is recommended for non-inline operation
[7 - Suricata-Main] 2025-12-25 11:44:10 Info: runmodes: eth0: creating 8 threads
[7 - Suricata-Main] 2025-12-25 11:44:10 Info: unix-manager: unix socket '/var/run/suricata-command.socket'
[7 - Suricata-Main] 2025-12-25 11:44:11 Notice: threads: Threads created -> W: 8 FM: 1 FR: 1   Engine started.
[7 - Suricata-Main] 2025-12-25 11:44:58 Notice: suricata: Signal Received.  Stopping engine.
[7 - Suricata-Main] 2025-12-25 11:44:59 Info: suricata: time elapsed 48.983s
[7 - Suricata-Main] 2025-12-25 11:45:00 Info: counters: Alerts: 0
[7 - Suricata-Main] 2025-12-25 11:45:00 Notice: device: eth0: packets: 768, drops: 0 (0.00%), invalid chksum: 0
[7 - Suricata-Main] 2025-12-25 11:45:05 Notice: suricata: This is Suricata version 7.0.10 RELEASE running in SYSTEM mode
[7 - Suricata-Main] 2025-12-25 11:45:05 Info: cpu: CPUs/cores online: 8
[7 - Suricata-Main] 2025-12-25 11:45:05 Info: suricata: Setting engine mode to IDS mode by default
[7 - Suricata-Main] 2025-12-25 11:45:05 Info: exception-policy: master exception-policy set to: auto
[7 - Suricata-Main] 2025-12-25 11:45:05 Info: logopenfile: fast output device (regular) initialized: fast.log
[7 - Suricata-Main] 2025-12-25 11:45:05 Info: logopenfile: eve-log output device (regular) initialized: eve.json
[7 - Suricata-Main] 2025-12-25 11:45:05 Info: logopenfile: stats output device (regular) initialized: stats.log
[7 - Suricata-Main] 2025-12-25 11:45:05 Warning: detect: No rule files match the pattern /var/lib/suricata/rules/suricata.rules
[7 - Suricata-Main] 2025-12-25 11:45:05 Info: detect: 2 rule files processed. 15 rules successfully loaded, 0 rules failed, 0
[7 - Suricata-Main] 2025-12-25 11:45:05 Info: threshold-config: Threshold config parsed: 0 rule(s) found
[7 - Suricata-Main] 2025-12-25 11:45:05 Info: detect: 15 signatures processed. 0 are IP-only rules, 15 are inspecting packet payload, 0 inspect application layer, 0 are decoder event only
[7 - Suricata-Main] 2025-12-25 11:45:05 Warning: af-packet: eth0: AF_PACKET tpacket-v3 is recommended for non-inline operation
[7 - Suricata-Main] 2025-12-25 11:45:05 Info: runmodes: eth0: creating 8 threads
[7 - Suricata-Main] 2025-12-25 11:45:05 Info: unix-manager: unix socket '/var/run/suricata-command.socket'
[7 - Suricata-Main] 2025-12-25 11:45:06 Notice: threads: Threads created -> W: 8 FM: 1 FR: 1   Engine started.
[7 - Suricata-Main] 2025-12-25 11:46:48 Notice: suricata: Signal Received.  Stopping engine.
[7 - Suricata-Main] 2025-12-25 11:46:48 Info: suricata: time elapsed 102.680s
[7 - Suricata-Main] 2025-12-25 11:46:49 Info: counters: Alerts: 0
[7 - Suricata-Main] 2025-12-25 11:46:49 Notice: device: eth0: packets: 2645, drops: 0 (0.00%), invalid chksum: 0
[7 - Suricata-Main] 2025-12-25 11:46:56 Notice: suricata: This is Suricata version 7.0.10 RELEASE running in SYSTEM mode
[7 - Suricata-Main] 2025-12-25 11:46:56 Info: cpu: CPUs/cores online: 8
[7 - Suricata-Main] 2025-12-25 11:46:56 Info: suricata: Setting engine mode to IDS mode by default
[7 - Suricata-Main] 2025-12-25 11:46:56 Info: exception-policy: master exception-policy set to: auto
[7 - Suricata-Main] 2025-12-25 11:46:56 Info: logopenfile: fast output device (regular) initialized: fast.log
[7 - Suricata-Main] 2025-12-25 11:46:56 Info: logopenfile: eve-log output device (regular) initialized: eve.json
[7 - Suricata-Main] 2025-12-25 11:46:56 Info: logopenfile: stats output device (regular) initialized: stats.log
[7 - Suricata-Main] 2025-12-25 11:46:56 Warning: detect: No rule files match the pattern /var/lib/suricata/rules/suricata.rules
[7 - Suricata-Main] 2025-12-25 11:46:56 Info: detect: 2 rule files processed. 15 rules successfully loaded, 0 rules failed, 0
[7 - Suricata-Main] 2025-12-25 11:46:56 Info: threshold-config: Threshold config parsed: 0 rule(s) found
[7 - Suricata-Main] 2025-12-25 11:46:56 Info: detect: 15 signatures processed. 0 are IP-only rules, 15 are inspecting packet payload, 0 inspect application layer, 0 are decoder event only
[7 - Suricata-Main] 2025-12-25 11:46:56 Warning: af-packet: eth0: AF_PACKET tpacket-v3 is recommended for non-inline operation
[7 - Suricata-Main] 2025-12-25 11:46:56 Info: runmodes: eth0: creating 8 threads
[7 - Suricata-Main] 2025-12-25 11:46:56 Info: unix-manager: unix socket '/var/run/suricata-command.socket'
[7 - Suricata-Main] 2025-12-25 11:46:57 Notice: threads: Threads created -> W: 8 FM: 1 FR: 1   Engine started.
[7 - Suricata-Main] 2025-12-25 11:50:49 Notice: suricata: Signal Received.  Stopping engine.
[7 - Suricata-Main] 2025-12-25 11:50:50 Info: suricata: time elapsed 234.060s
[7 - Suricata-Main] 2025-12-25 11:50:51 Info: counters: Alerts: 0
[7 - Suricata-Main] 2025-12-25 11:50:51 Notice: device: eth0: packets: 1375, drops: 0 (0.00%), invalid chksum: 0
[7 - Suricata-Main] 2025-12-25 11:51:53 Notice: suricata: This is Suricata version 7.0.10 RELEASE running in SYSTEM mode
[7 - Suricata-Main] 2025-12-25 11:51:53 Info: cpu: CPUs/cores online: 8
[7 - Suricata-Main] 2025-12-25 11:51:53 Info: suricata: Setting engine mode to IDS mode by default
[7 - Suricata-Main] 2025-12-25 11:51:53 Info: exception-policy: master exception-policy set to: auto
[7 - Suricata-Main] 2025-12-25 11:51:53 Info: logopenfile: fast output device (regular) initialized: fast.log
[7 - Suricata-Main] 2025-12-25 11:51:53 Info: logopenfile: eve-log output device (regular) initialized: eve.json
[7 - Suricata-Main] 2025-12-25 11:51:53 Info: logopenfile: stats output device (regular) initialized: stats.log
[7 - Suricata-Main] 2025-12-25 11:51:53 Warning: detect: No rule files match the pattern /var/lib/suricata/rules/suricata.rules
[7 - Suricata-Main] 2025-12-25 11:51:53 Info: detect: 2 rule files processed. 15 rules successfully loaded, 0 rules failed, 0
[7 - Suricata-Main] 2025-12-25 11:51:53 Info: threshold-config: Threshold config parsed: 0 rule(s) found
[7 - Suricata-Main] 2025-12-25 11:51:53 Info: detect: 15 signatures processed. 0 are IP-only rules, 15 are inspecting packet payload, 0 inspect application layer, 0 are decoder event only
[7 - Suricata-Main] 2025-12-25 11:51:53 Warning: af-packet: eth0: AF_PACKET tpacket-v3 is recommended for non-inline operation
[7 - Suricata-Main] 2025-12-25 11:51:53 Info: runmodes: eth0: creating 8 threads
[7 - Suricata-Main] 2025-12-25 11:51:53 Info: unix-manager: unix socket '/var/run/suricata-command.socket'
[7 - Suricata-Main] 2025-12-25 11:51:54 Notice: threads: Threads created -> W: 8 FM: 1 FR: 1   Engine started.
[7 - Suricata-Main] 2025-12-25 11:52:55 Notice: suricata: Signal Received.  Stopping engine.
[7 - Suricata-Main] 2025-12-25 11:52:55 Info: suricata: time elapsed 61.859s
[7 - Suricata-Main] 2025-12-25 11:52:56 Info: counters: Alerts: 0
[7 - Suricata-Main] 2025-12-25 11:52:56 Notice: device: eth0: packets: 1573, drops: 0 (0.00%), invalid chksum: 0
[7 - Suricata-Main] 2025-12-25 11:53:03 Notice: suricata: This is Suricata version 7.0.10 RELEASE running in SYSTEM mode
[7 - Suricata-Main] 2025-12-25 11:53:03 Info: cpu: CPUs/cores online: 8
[7 - Suricata-Main] 2025-12-25 11:53:03 Info: suricata: Setting engine mode to IDS mode by default
[7 - Suricata-Main] 2025-12-25 11:53:03 Info: exception-policy: master exception-policy set to: auto
[7 - Suricata-Main] 2025-12-25 11:53:03 Info: logopenfile: fast output device (regular) initialized: fast.log
[7 - Suricata-Main] 2025-12-25 11:53:03 Info: logopenfile: eve-log output device (regular) initialized: eve.json
[7 - Suricata-Main] 2025-12-25 11:53:03 Info: logopenfile: stats output device (regular) initialized: stats.log
[7 - Suricata-Main] 2025-12-25 11:53:03 Warning: detect: No rule files match the pattern /var/lib/suricata/rules/suricata.rules
[7 - Suricata-Main] 2025-12-25 11:53:03 Info: detect: 2 rule files processed. 15 rules successfully loaded, 0 rules failed, 0
[7 - Suricata-Main] 2025-12-25 11:53:03 Info: threshold-config: Threshold config parsed: 0 rule(s) found
[7 - Suricata-Main] 2025-12-25 11:53:03 Info: detect: 15 signatures processed. 0 are IP-only rules, 15 are inspecting packet payload, 0 inspect application layer, 0 are decoder event only
[7 - Suricata-Main] 2025-12-25 11:53:03 Warning: af-packet: eth0: AF_PACKET tpacket-v3 is recommended for non-inline operation
[7 - Suricata-Main] 2025-12-25 11:53:03 Info: runmodes: eth0: creating 8 threads
[7 - Suricata-Main] 2025-12-25 11:53:03 Info: unix-manager: unix socket '/var/run/suricata-command.socket'
[7 - Suricata-Main] 2025-12-25 11:53:04 Notice: threads: Threads created -> W: 8 FM: 1 FR: 1   Engine started.
[7 - Suricata-Main] 2025-12-25 11:57:35 Notice: suricata: Signal Received.  Stopping engine.
[7 - Suricata-Main] 2025-12-25 11:57:36 Info: suricata: time elapsed 272.973s
[7 - Suricata-Main] 2025-12-25 11:57:37 Info: counters: Alerts: 0
[7 - Suricata-Main] 2025-12-25 11:57:37 Notice: device: eth0: packets: 9304, drops: 0 (0.00%), invalid chksum: 0
[7 - Suricata-Main] 2025-12-25 11:57:40 Notice: suricata: This is Suricata version 7.0.10 RELEASE running in SYSTEM mode
[7 - Suricata-Main] 2025-12-25 11:57:40 Info: cpu: CPUs/cores online: 8
[7 - Suricata-Main] 2025-12-25 11:57:40 Info: suricata: Setting engine mode to IDS mode by default
[7 - Suricata-Main] 2025-12-25 11:57:40 Info: exception-policy: master exception-policy set to: auto
[7 - Suricata-Main] 2025-12-25 11:57:40 Info: logopenfile: fast output device (regular) initialized: fast.log
[7 - Suricata-Main] 2025-12-25 11:57:40 Info: logopenfile: eve-log output device (regular) initialized: eve.json
[7 - Suricata-Main] 2025-12-25 11:57:40 Info: logopenfile: stats output device (regular) initialized: stats.log
[7 - Suricata-Main] 2025-12-25 11:57:40 Warning: detect: No rule files match the pattern /var/lib/suricata/rules/suricata.rules
[7 - Suricata-Main] 2025-12-25 11:57:40 Info: detect: 2 rule files processed. 15 rules successfully loaded, 0 rules failed, 0
[7 - Suricata-Main] 2025-12-25 11:57:40 Info: threshold-config: Threshold config parsed: 0 rule(s) found
[7 - Suricata-Main] 2025-12-25 11:57:40 Info: detect: 15 signatures processed. 0 are IP-only rules, 15 are inspecting packet payload, 0 inspect application layer, 0 are decoder event only
[7 - Suricata-Main] 2025-12-25 11:57:40 Warning: af-packet: eth0: AF_PACKET tpacket-v3 is recommended for non-inline operation
[7 - Suricata-Main] 2025-12-25 11:57:40 Info: runmodes: eth0: creating 8 threads
[7 - Suricata-Main] 2025-12-25 11:57:40 Info: unix-manager: unix socket '/var/run/suricata-command.socket'
[7 - Suricata-Main] 2025-12-25 11:57:41 Notice: threads: Threads created -> W: 8 FM: 1 FR: 1   Engine started.
[7 - Suricata-Main] 2025-12-25 11:59:34 Notice: suricata: Signal Received.  Stopping engine.
[7 - Suricata-Main] 2025-12-25 11:59:34 Info: suricata: time elapsed 114.634s
[7 - Suricata-Main] 2025-12-25 11:59:35 Info: counters: Alerts: 0
[7 - Suricata-Main] 2025-12-25 11:59:35 Notice: device: eth0: packets: 29, drops: 0 (0.00%), invalid chksum: 0
[7 - Suricata-Main] 2025-12-25 12:01:08 Notice: suricata: This is Suricata version 7.0.10 RELEASE running in SYSTEM mode
[7 - Suricata-Main] 2025-12-25 12:01:08 Info: cpu: CPUs/cores online: 8
[7 - Suricata-Main] 2025-12-25 12:01:08 Info: suricata: Setting engine mode to IDS mode by default
[7 - Suricata-Main] 2025-12-25 12:01:08 Info: exception-policy: master exception-policy set to: auto
[7 - Suricata-Main] 2025-12-25 12:01:08 Info: logopenfile: fast output device (regular) initialized: fast.log
[7 - Suricata-Main] 2025-12-25 12:01:08 Info: logopenfile: eve-log output device (regular) initialized: eve.json
[7 - Suricata-Main] 2025-12-25 12:01:08 Info: logopenfile: stats output device (regular) initialized: stats.log
[7 - Suricata-Main] 2025-12-25 12:01:08 Warning: detect: No rule files match the pattern /var/lib/suricata/rules/suricata.rules
[7 - Suricata-Main] 2025-12-25 12:01:08 Info: detect: 2 rule files processed. 15 rules successfully loaded, 0 rules failed, 0
[7 - Suricata-Main] 2025-12-25 12:01:08 Info: threshold-config: Threshold config parsed: 0 rule(s) found
[7 - Suricata-Main] 2025-12-25 12:01:08 Info: detect: 15 signatures processed. 0 are IP-only rules, 15 are inspecting packet payload, 0 inspect application layer, 0 are decoder event only
[7 - Suricata-Main] 2025-12-25 12:01:08 Warning: af-packet: eth0: AF_PACKET tpacket-v3 is recommended for non-inline operation
[7 - Suricata-Main] 2025-12-25 12:01:08 Info: runmodes: eth0: creating 8 threads
[7 - Suricata-Main] 2025-12-25 12:01:08 Info: unix-manager: unix socket '/var/run/suricata-command.socket'
[7 - Suricata-Main] 2025-12-25 12:01:09 Notice: threads: Threads created -> W: 8 FM: 1 FR: 1   Engine started.
[7 - Suricata-Main] 2025-12-25 12:12:15 Notice: suricata: Signal Received.  Stopping engine.
[7 - Suricata-Main] 2025-12-25 12:12:15 Info: suricata: time elapsed 667.299s
[7 - Suricata-Main] 2025-12-25 12:12:16 Info: counters: Alerts: 0
[7 - Suricata-Main] 2025-12-25 12:12:16 Notice: device: eth0: packets: 334, drops: 0 (0.00%), invalid chksum: 0
[7 - Suricata-Main] 2025-12-25 12:12:51 Notice: suricata: This is Suricata version 7.0.10 RELEASE running in SYSTEM mode
[7 - Suricata-Main] 2025-12-25 12:12:51 Info: cpu: CPUs/cores online: 8
[7 - Suricata-Main] 2025-12-25 12:12:51 Info: suricata: Setting engine mode to IDS mode by default
[7 - Suricata-Main] 2025-12-25 12:12:51 Info: exception-policy: master exception-policy set to: auto
[7 - Suricata-Main] 2025-12-25 12:12:51 Info: logopenfile: fast output device (regular) initialized: fast.log
[7 - Suricata-Main] 2025-12-25 12:12:51 Info: logopenfile: eve-log output device (regular) initialized: eve.json
[7 - Suricata-Main] 2025-12-25 12:12:51 Info: logopenfile: stats output device (regular) initialized: stats.log
[7 - Suricata-Main] 2025-12-25 12:12:51 Warning: detect: No rule files match the pattern /var/lib/suricata/rules/suricata.rules
[7 - Suricata-Main] 2025-12-25 12:12:51 Info: detect: 2 rule files processed. 15 rules successfully loaded, 0 rules failed, 0
[7 - Suricata-Main] 2025-12-25 12:12:51 Info: threshold-config: Threshold config parsed: 0 rule(s) found
[7 - Suricata-Main] 2025-12-25 12:12:51 Info: detect: 15 signatures processed. 0 are IP-only rules, 15 are inspecting packet payload, 0 inspect application layer, 0 are decoder event only
[7 - Suricata-Main] 2025-12-25 12:12:51 Warning: af-packet: eth0: AF_PACKET tpacket-v3 is recommended for non-inline operation
[7 - Suricata-Main] 2025-12-25 12:12:51 Info: runmodes: eth0: creating 8 threads
[7 - Suricata-Main] 2025-12-25 12:12:51 Info: unix-manager: unix socket '/var/run/suricata-command.socket'
[7 - Suricata-Main] 2025-12-25 12:12:53 Notice: threads: Threads created -> W: 8 FM: 1 FR: 1   Engine started.
[7 - Suricata-Main] 2025-12-25 12:24:41 Notice: suricata: Signal Received.  Stopping engine.
[7 - Suricata-Main] 2025-12-25 12:24:41 Info: suricata: time elapsed 710.060s
[7 - Suricata-Main] 2025-12-25 12:24:42 Info: counters: Alerts: 0
[7 - Suricata-Main] 2025-12-25 12:24:42 Notice: device: eth0: packets: 330, drops: 0 (0.00%), invalid chksum: 0
[7 - Suricata-Main] 2025-12-25 12:24:48 Notice: suricata: This is Suricata version 7.0.10 RELEASE running in SYSTEM mode
[7 - Suricata-Main] 2025-12-25 12:24:48 Info: cpu: CPUs/cores online: 8
[7 - Suricata-Main] 2025-12-25 12:24:48 Info: suricata: Setting engine mode to IDS mode by default
[7 - Suricata-Main] 2025-12-25 12:24:48 Info: exception-policy: master exception-policy set to: auto
[7 - Suricata-Main] 2025-12-25 12:24:48 Info: logopenfile: fast output device (regular) initialized: fast.log
[7 - Suricata-Main] 2025-12-25 12:24:48 Info: logopenfile: eve-log output device (regular) initialized: eve.json
[7 - Suricata-Main] 2025-12-25 12:24:48 Info: logopenfile: stats output device (regular) initialized: stats.log
[7 - Suricata-Main] 2025-12-25 12:24:48 Warning: detect: No rule files match the pattern /var/lib/suricata/rules/suricata.rules
[7 - Suricata-Main] 2025-12-25 12:24:48 Info: detect: 2 rule files processed. 15 rules successfully loaded, 0 rules failed, 0
[7 - Suricata-Main] 2025-12-25 12:24:48 Info: threshold-config: Threshold config parsed: 0 rule(s) found
[7 - Suricata-Main] 2025-12-25 12:24:48 Info: detect: 15 signatures processed. 0 are IP-only rules, 15 are inspecting packet payload, 0 inspect application layer, 0 are decoder event only
[7 - Suricata-Main] 2025-12-25 12:24:48 Warning: af-packet: eth0: AF_PACKET tpacket-v3 is recommended for non-inline operation
[7 - Suricata-Main] 2025-12-25 12:24:48 Info: runmodes: eth0: creating 8 threads
[7 - Suricata-Main] 2025-12-25 12:24:48 Info: unix-manager: unix socket '/var/run/suricata-command.socket'
[7 - Suricata-Main] 2025-12-25 12:24:50 Notice: threads: Threads created -> W: 8 FM: 1 FR: 1   Engine started.
[7 - Suricata-Main] 2025-12-25 12:39:11 Notice: suricata: Signal Received.  Stopping engine.
[7 - Suricata-Main] 2025-12-25 12:39:12 Info: suricata: time elapsed 863.818s
[7 - Suricata-Main] 2025-12-25 12:39:12 Info: counters: Alerts: 0
[7 - Suricata-Main] 2025-12-25 12:39:12 Notice: device: eth0: packets: 10342, drops: 0 (0.00%), invalid chksum: 0
[6 - Suricata-Main] 2025-12-25 12:39:24 Notice: suricata: This is Suricata version 7.0.10 RELEASE running in SYSTEM mode
[6 - Suricata-Main] 2025-12-25 12:39:24 Info: cpu: CPUs/cores online: 8
[6 - Suricata-Main] 2025-12-25 12:39:24 Info: suricata: Setting engine mode to IDS mode by default
[6 - Suricata-Main] 2025-12-25 12:39:24 Info: exception-policy: master exception-policy set to: auto
[6 - Suricata-Main] 2025-12-25 12:39:24 Info: logopenfile: fast output device (regular) initialized: fast.log
[6 - Suricata-Main] 2025-12-25 12:39:24 Info: logopenfile: eve-log output device (regular) initialized: eve.json
[6 - Suricata-Main] 2025-12-25 12:39:24 Info: logopenfile: stats output device (regular) initialized: stats.log
[6 - Suricata-Main] 2025-12-25 12:39:24 Warning: detect: No rule files match the pattern /var/lib/suricata/rules/suricata.rules
[6 - Suricata-Main] 2025-12-25 12:39:24 Info: detect: 2 rule files processed. 15 rules successfully loaded, 0 rules failed, 0
[6 - Suricata-Main] 2025-12-25 12:39:24 Info: threshold-config: Threshold config parsed: 0 rule(s) found
[6 - Suricata-Main] 2025-12-25 12:39:24 Info: detect: 15 signatures processed. 0 are IP-only rules, 15 are inspecting packet payload, 0 inspect application layer, 0 are decoder event only
[6 - Suricata-Main] 2025-12-25 12:39:24 Warning: af-packet: eth0: AF_PACKET tpacket-v3 is recommended for non-inline operation
[6 - Suricata-Main] 2025-12-25 12:39:24 Info: runmodes: eth0: creating 8 threads
[6 - Suricata-Main] 2025-12-25 12:39:25 Info: unix-manager: unix socket '/var/run/suricata-command.socket'
[6 - Suricata-Main] 2025-12-25 12:39:26 Notice: threads: Threads created -> W: 8 FM: 1 FR: 1   Engine started.
